{"C:\\Users\\d976640\\Documents\\skillenhance_OAuth_Dep\\controllers\\answers.js": {"path":"C:\\Users\\d976640\\Documents\\skillenhance_OAuth_Dep\\controllers\\answers.js","statementMap":{"0":{"start":{"line":1,"column":16},"end":{"line":1,"column":34}},"1":{"start":{"line":2,"column":12},"end":{"line":2,"column":21}},"2":{"start":{"line":3,"column":0},"end":{"line":3,"column":44}},"3":{"start":{"line":4,"column":0},"end":{"line":4,"column":23}},"4":{"start":{"line":5,"column":0},"end":{"line":5,"column":44}},"5":{"start":{"line":6,"column":13},"end":{"line":6,"column":28}},"6":{"start":{"line":7,"column":0},"end":{"line":7,"column":15}},"7":{"start":{"line":13,"column":20},"end":{"line":13,"column":50}},"8":{"start":{"line":16,"column":12},"end":{"line":16,"column":130}},"9":{"start":{"line":17,"column":16},"end":{"line":17,"column":34}},"10":{"start":{"line":18,"column":19},"end":{"line":18,"column":35}},"11":{"start":{"line":19,"column":19},"end":{"line":19,"column":26}},"12":{"start":{"line":22,"column":22},"end":{"line":22,"column":44}},"13":{"start":{"line":24,"column":16},"end":{"line":24,"column":34}},"14":{"start":{"line":26,"column":0},"end":{"line":386,"column":2}},"15":{"start":{"line":27,"column":4},"end":{"line":27,"column":20}},"16":{"start":{"line":27,"column":11},"end":{"line":27,"column":20}},"17":{"start":{"line":28,"column":4},"end":{"line":28,"column":24}},"18":{"start":{"line":32,"column":14},"end":{"line":32,"column":64}},"19":{"start":{"line":33,"column":4},"end":{"line":33,"column":20}},"20":{"start":{"line":39,"column":4},"end":{"line":384,"column":6}},"21":{"start":{"line":41,"column":8},"end":{"line":41,"column":35}},"22":{"start":{"line":42,"column":8},"end":{"line":42,"column":37}},"23":{"start":{"line":48,"column":12},"end":{"line":52,"column":14}},"24":{"start":{"line":60,"column":8},"end":{"line":65,"column":10}},"25":{"start":{"line":61,"column":12},"end":{"line":64,"column":14}},"26":{"start":{"line":62,"column":16},"end":{"line":62,"column":33}},"27":{"start":{"line":62,"column":24},"end":{"line":62,"column":33}},"28":{"start":{"line":63,"column":16},"end":{"line":63,"column":32}},"29":{"start":{"line":68,"column":8},"end":{"line":89,"column":10}},"30":{"start":{"line":69,"column":30},"end":{"line":69,"column":60}},"31":{"start":{"line":71,"column":12},"end":{"line":88,"column":14}},"32":{"start":{"line":72,"column":16},"end":{"line":72,"column":33}},"33":{"start":{"line":72,"column":24},"end":{"line":72,"column":33}},"34":{"start":{"line":73,"column":16},"end":{"line":87,"column":17}},"35":{"start":{"line":74,"column":35},"end":{"line":74,"column":44}},"36":{"start":{"line":75,"column":20},"end":{"line":81,"column":22}},"37":{"start":{"line":76,"column":24},"end":{"line":76,"column":41}},"38":{"start":{"line":76,"column":32},"end":{"line":76,"column":41}},"39":{"start":{"line":79,"column":24},"end":{"line":79,"column":43}},"40":{"start":{"line":80,"column":24},"end":{"line":80,"column":40}},"41":{"start":{"line":86,"column":20},"end":{"line":86,"column":49}},"42":{"start":{"line":92,"column":8},"end":{"line":180,"column":10}},"43":{"start":{"line":93,"column":30},"end":{"line":93,"column":60}},"44":{"start":{"line":94,"column":26},"end":{"line":94,"column":55}},"45":{"start":{"line":97,"column":12},"end":{"line":179,"column":13}},"46":{"start":{"line":98,"column":16},"end":{"line":98,"column":41}},"47":{"start":{"line":102,"column":16},"end":{"line":178,"column":18}},"48":{"start":{"line":103,"column":20},"end":{"line":177,"column":21}},"49":{"start":{"line":105,"column":37},"end":{"line":105,"column":46}},"50":{"start":{"line":106,"column":45},"end":{"line":106,"column":57}},"51":{"start":{"line":109,"column":24},"end":{"line":172,"column":26}},"52":{"start":{"line":110,"column":28},"end":{"line":110,"column":45}},"53":{"start":{"line":110,"column":36},"end":{"line":110,"column":45}},"54":{"start":{"line":111,"column":28},"end":{"line":171,"column":29}},"55":{"start":{"line":112,"column":52},"end":{"line":112,"column":73}},"56":{"start":{"line":113,"column":52},"end":{"line":113,"column":70}},"57":{"start":{"line":116,"column":32},"end":{"line":165,"column":34}},"58":{"start":{"line":117,"column":36},"end":{"line":117,"column":53}},"59":{"start":{"line":117,"column":44},"end":{"line":117,"column":53}},"60":{"start":{"line":119,"column":36},"end":{"line":164,"column":37}},"61":{"start":{"line":120,"column":40},"end":{"line":157,"column":41}},"62":{"start":{"line":121,"column":44},"end":{"line":121,"column":120}},"63":{"start":{"line":124,"column":45},"end":{"line":157,"column":41}},"64":{"start":{"line":126,"column":44},"end":{"line":153,"column":46}},"65":{"start":{"line":127,"column":48},"end":{"line":127,"column":65}},"66":{"start":{"line":127,"column":56},"end":{"line":127,"column":65}},"67":{"start":{"line":131,"column":48},"end":{"line":152,"column":50}},"68":{"start":{"line":132,"column":52},"end":{"line":147,"column":53}},"69":{"start":{"line":134,"column":56},"end":{"line":146,"column":58}},"70":{"start":{"line":143,"column":60},"end":{"line":143,"column":77}},"71":{"start":{"line":143,"column":68},"end":{"line":143,"column":77}},"72":{"start":{"line":148,"column":52},"end":{"line":148,"column":61}},"73":{"start":{"line":151,"column":52},"end":{"line":151,"column":89}},"74":{"start":{"line":156,"column":44},"end":{"line":156,"column":82}},"75":{"start":{"line":163,"column":40},"end":{"line":163,"column":69}},"76":{"start":{"line":170,"column":32},"end":{"line":170,"column":61}},"77":{"start":{"line":176,"column":24},"end":{"line":176,"column":48}},"78":{"start":{"line":183,"column":8},"end":{"line":248,"column":10}},"79":{"start":{"line":184,"column":30},"end":{"line":184,"column":60}},"80":{"start":{"line":185,"column":26},"end":{"line":185,"column":55}},"81":{"start":{"line":188,"column":12},"end":{"line":246,"column":13}},"82":{"start":{"line":189,"column":16},"end":{"line":189,"column":41}},"83":{"start":{"line":193,"column":16},"end":{"line":245,"column":18}},"84":{"start":{"line":194,"column":20},"end":{"line":244,"column":21}},"85":{"start":{"line":196,"column":37},"end":{"line":196,"column":46}},"86":{"start":{"line":198,"column":24},"end":{"line":239,"column":26}},"87":{"start":{"line":199,"column":28},"end":{"line":199,"column":45}},"88":{"start":{"line":199,"column":36},"end":{"line":199,"column":45}},"89":{"start":{"line":200,"column":28},"end":{"line":238,"column":29}},"90":{"start":{"line":202,"column":52},"end":{"line":202,"column":70}},"91":{"start":{"line":204,"column":32},"end":{"line":232,"column":34}},"92":{"start":{"line":205,"column":36},"end":{"line":205,"column":53}},"93":{"start":{"line":205,"column":44},"end":{"line":205,"column":53}},"94":{"start":{"line":208,"column":36},"end":{"line":231,"column":37}},"95":{"start":{"line":210,"column":40},"end":{"line":226,"column":86}},"96":{"start":{"line":211,"column":44},"end":{"line":211,"column":83}},"97":{"start":{"line":213,"column":45},"end":{"line":226,"column":86}},"98":{"start":{"line":214,"column":44},"end":{"line":214,"column":83}},"99":{"start":{"line":217,"column":45},"end":{"line":226,"column":86}},"100":{"start":{"line":219,"column":44},"end":{"line":223,"column":46}},"101":{"start":{"line":220,"column":48},"end":{"line":220,"column":65}},"102":{"start":{"line":220,"column":56},"end":{"line":220,"column":65}},"103":{"start":{"line":222,"column":48},"end":{"line":222,"column":85}},"104":{"start":{"line":226,"column":44},"end":{"line":226,"column":86}},"105":{"start":{"line":230,"column":40},"end":{"line":230,"column":71}},"106":{"start":{"line":237,"column":32},"end":{"line":237,"column":61}},"107":{"start":{"line":243,"column":24},"end":{"line":243,"column":48}},"108":{"start":{"line":251,"column":8},"end":{"line":307,"column":10}},"109":{"start":{"line":252,"column":30},"end":{"line":252,"column":60}},"110":{"start":{"line":253,"column":26},"end":{"line":253,"column":55}},"111":{"start":{"line":256,"column":12},"end":{"line":306,"column":13}},"112":{"start":{"line":257,"column":16},"end":{"line":257,"column":41}},"113":{"start":{"line":260,"column":16},"end":{"line":305,"column":18}},"114":{"start":{"line":263,"column":20},"end":{"line":304,"column":21}},"115":{"start":{"line":265,"column":37},"end":{"line":265,"column":46}},"116":{"start":{"line":268,"column":24},"end":{"line":299,"column":26}},"117":{"start":{"line":269,"column":28},"end":{"line":269,"column":45}},"118":{"start":{"line":269,"column":36},"end":{"line":269,"column":45}},"119":{"start":{"line":270,"column":28},"end":{"line":298,"column":29}},"120":{"start":{"line":273,"column":32},"end":{"line":293,"column":34}},"121":{"start":{"line":274,"column":36},"end":{"line":292,"column":37}},"122":{"start":{"line":275,"column":60},"end":{"line":275,"column":72}},"123":{"start":{"line":278,"column":40},"end":{"line":287,"column":41}},"124":{"start":{"line":279,"column":44},"end":{"line":279,"column":86}},"125":{"start":{"line":282,"column":44},"end":{"line":286,"column":46}},"126":{"start":{"line":283,"column":48},"end":{"line":283,"column":65}},"127":{"start":{"line":283,"column":56},"end":{"line":283,"column":65}},"128":{"start":{"line":285,"column":48},"end":{"line":285,"column":107}},"129":{"start":{"line":291,"column":40},"end":{"line":291,"column":71}},"130":{"start":{"line":297,"column":32},"end":{"line":297,"column":61}},"131":{"start":{"line":303,"column":24},"end":{"line":303,"column":48}},"132":{"start":{"line":310,"column":8},"end":{"line":332,"column":10}},"133":{"start":{"line":311,"column":30},"end":{"line":311,"column":60}},"134":{"start":{"line":312,"column":26},"end":{"line":312,"column":55}},"135":{"start":{"line":314,"column":12},"end":{"line":330,"column":14}},"136":{"start":{"line":322,"column":16},"end":{"line":323,"column":29}},"137":{"start":{"line":323,"column":20},"end":{"line":323,"column":29}},"138":{"start":{"line":325,"column":16},"end":{"line":329,"column":43}},"139":{"start":{"line":326,"column":20},"end":{"line":326,"column":57}},"140":{"start":{"line":329,"column":20},"end":{"line":329,"column":43}},"141":{"start":{"line":335,"column":8},"end":{"line":357,"column":10}},"142":{"start":{"line":336,"column":30},"end":{"line":336,"column":60}},"143":{"start":{"line":337,"column":25},"end":{"line":337,"column":40}},"144":{"start":{"line":338,"column":26},"end":{"line":338,"column":55}},"145":{"start":{"line":340,"column":12},"end":{"line":355,"column":14}},"146":{"start":{"line":347,"column":16},"end":{"line":348,"column":29}},"147":{"start":{"line":348,"column":20},"end":{"line":348,"column":29}},"148":{"start":{"line":350,"column":16},"end":{"line":354,"column":43}},"149":{"start":{"line":351,"column":20},"end":{"line":351,"column":57}},"150":{"start":{"line":354,"column":20},"end":{"line":354,"column":43}},"151":{"start":{"line":360,"column":8},"end":{"line":382,"column":10}},"152":{"start":{"line":361,"column":30},"end":{"line":361,"column":60}},"153":{"start":{"line":362,"column":25},"end":{"line":362,"column":40}},"154":{"start":{"line":363,"column":26},"end":{"line":363,"column":55}},"155":{"start":{"line":365,"column":12},"end":{"line":380,"column":14}},"156":{"start":{"line":372,"column":16},"end":{"line":373,"column":29}},"157":{"start":{"line":373,"column":20},"end":{"line":373,"column":29}},"158":{"start":{"line":375,"column":16},"end":{"line":379,"column":43}},"159":{"start":{"line":376,"column":20},"end":{"line":376,"column":57}},"160":{"start":{"line":379,"column":20},"end":{"line":379,"column":43}},"161":{"start":{"line":388,"column":0},"end":{"line":388,"column":20}}},"fnMap":{"0":{"name":"(anonymous_0)","decl":{"start":{"line":26,"column":24},"end":{"line":26,"column":25}},"loc":{"start":{"line":26,"column":40},"end":{"line":386,"column":1}},"line":26},"1":{"name":"(anonymous_1)","decl":{"start":{"line":39,"column":47},"end":{"line":39,"column":48}},"loc":{"start":{"line":39,"column":61},"end":{"line":384,"column":5}},"line":39},"2":{"name":"cleanup","decl":{"start":{"line":47,"column":17},"end":{"line":47,"column":24}},"loc":{"start":{"line":47,"column":26},"end":{"line":53,"column":9}},"line":47},"3":{"name":"(anonymous_3)","decl":{"start":{"line":48,"column":103},"end":{"line":48,"column":104}},"loc":{"start":{"line":48,"column":117},"end":{"line":52,"column":13}},"line":48},"4":{"name":"(anonymous_4)","decl":{"start":{"line":60,"column":27},"end":{"line":60,"column":28}},"loc":{"start":{"line":60,"column":38},"end":{"line":65,"column":9}},"line":60},"5":{"name":"(anonymous_5)","decl":{"start":{"line":61,"column":70},"end":{"line":61,"column":71}},"loc":{"start":{"line":61,"column":84},"end":{"line":64,"column":13}},"line":61},"6":{"name":"(anonymous_6)","decl":{"start":{"line":68,"column":38},"end":{"line":68,"column":39}},"loc":{"start":{"line":68,"column":49},"end":{"line":89,"column":9}},"line":68},"7":{"name":"(anonymous_7)","decl":{"start":{"line":71,"column":85},"end":{"line":71,"column":86}},"loc":{"start":{"line":71,"column":99},"end":{"line":88,"column":13}},"line":71},"8":{"name":"(anonymous_8)","decl":{"start":{"line":75,"column":112},"end":{"line":75,"column":113}},"loc":{"start":{"line":75,"column":126},"end":{"line":81,"column":21}},"line":75},"9":{"name":"(anonymous_9)","decl":{"start":{"line":92,"column":46},"end":{"line":92,"column":47}},"loc":{"start":{"line":92,"column":57},"end":{"line":180,"column":9}},"line":92},"10":{"name":"(anonymous_10)","decl":{"start":{"line":102,"column":73},"end":{"line":102,"column":74}},"loc":{"start":{"line":102,"column":93},"end":{"line":178,"column":17}},"line":102},"11":{"name":"(anonymous_11)","decl":{"start":{"line":109,"column":97},"end":{"line":109,"column":98}},"loc":{"start":{"line":109,"column":111},"end":{"line":172,"column":25}},"line":109},"12":{"name":"(anonymous_12)","decl":{"start":{"line":116,"column":107},"end":{"line":116,"column":108}},"loc":{"start":{"line":116,"column":121},"end":{"line":165,"column":33}},"line":116},"13":{"name":"(anonymous_13)","decl":{"start":{"line":126,"column":153},"end":{"line":126,"column":154}},"loc":{"start":{"line":126,"column":167},"end":{"line":153,"column":45}},"line":126},"14":{"name":"(anonymous_14)","decl":{"start":{"line":131,"column":60},"end":{"line":131,"column":61}},"loc":{"start":{"line":131,"column":78},"end":{"line":150,"column":49}},"line":131},"15":{"name":"(anonymous_15)","decl":{"start":{"line":142,"column":58},"end":{"line":142,"column":59}},"loc":{"start":{"line":142,"column":74},"end":{"line":146,"column":57}},"line":142},"16":{"name":"(anonymous_16)","decl":{"start":{"line":150,"column":56},"end":{"line":150,"column":57}},"loc":{"start":{"line":150,"column":60},"end":{"line":152,"column":49}},"line":150},"17":{"name":"(anonymous_17)","decl":{"start":{"line":183,"column":51},"end":{"line":183,"column":52}},"loc":{"start":{"line":183,"column":62},"end":{"line":248,"column":9}},"line":183},"18":{"name":"(anonymous_18)","decl":{"start":{"line":193,"column":73},"end":{"line":193,"column":74}},"loc":{"start":{"line":193,"column":93},"end":{"line":245,"column":17}},"line":193},"19":{"name":"(anonymous_19)","decl":{"start":{"line":198,"column":97},"end":{"line":198,"column":98}},"loc":{"start":{"line":198,"column":111},"end":{"line":239,"column":25}},"line":198},"20":{"name":"(anonymous_20)","decl":{"start":{"line":204,"column":107},"end":{"line":204,"column":108}},"loc":{"start":{"line":204,"column":121},"end":{"line":232,"column":33}},"line":204},"21":{"name":"(anonymous_21)","decl":{"start":{"line":219,"column":146},"end":{"line":219,"column":147}},"loc":{"start":{"line":219,"column":160},"end":{"line":223,"column":45}},"line":219},"22":{"name":"(anonymous_22)","decl":{"start":{"line":251,"column":46},"end":{"line":251,"column":47}},"loc":{"start":{"line":251,"column":57},"end":{"line":307,"column":9}},"line":251},"23":{"name":"(anonymous_23)","decl":{"start":{"line":260,"column":73},"end":{"line":260,"column":74}},"loc":{"start":{"line":260,"column":93},"end":{"line":305,"column":17}},"line":260},"24":{"name":"(anonymous_24)","decl":{"start":{"line":268,"column":97},"end":{"line":268,"column":98}},"loc":{"start":{"line":268,"column":111},"end":{"line":299,"column":25}},"line":268},"25":{"name":"(anonymous_25)","decl":{"start":{"line":273,"column":99},"end":{"line":273,"column":100}},"loc":{"start":{"line":273,"column":113},"end":{"line":293,"column":33}},"line":273},"26":{"name":"(anonymous_26)","decl":{"start":{"line":282,"column":113},"end":{"line":282,"column":114}},"loc":{"start":{"line":282,"column":127},"end":{"line":286,"column":45}},"line":282},"27":{"name":"(anonymous_27)","decl":{"start":{"line":310,"column":44},"end":{"line":310,"column":45}},"loc":{"start":{"line":310,"column":55},"end":{"line":332,"column":9}},"line":310},"28":{"name":"(anonymous_28)","decl":{"start":{"line":321,"column":14},"end":{"line":321,"column":15}},"loc":{"start":{"line":321,"column":30},"end":{"line":330,"column":13}},"line":321},"29":{"name":"(anonymous_29)","decl":{"start":{"line":335,"column":44},"end":{"line":335,"column":45}},"loc":{"start":{"line":335,"column":55},"end":{"line":357,"column":9}},"line":335},"30":{"name":"(anonymous_30)","decl":{"start":{"line":346,"column":14},"end":{"line":346,"column":15}},"loc":{"start":{"line":346,"column":30},"end":{"line":355,"column":13}},"line":346},"31":{"name":"(anonymous_31)","decl":{"start":{"line":360,"column":49},"end":{"line":360,"column":50}},"loc":{"start":{"line":360,"column":60},"end":{"line":382,"column":9}},"line":360},"32":{"name":"(anonymous_32)","decl":{"start":{"line":371,"column":14},"end":{"line":371,"column":15}},"loc":{"start":{"line":371,"column":30},"end":{"line":380,"column":13}},"line":371}},"branchMap":{"0":{"loc":{"start":{"line":27,"column":4},"end":{"line":27,"column":20}},"type":"if","locations":[{"start":{"line":27,"column":4},"end":{"line":27,"column":20}},{"start":{"line":27,"column":4},"end":{"line":27,"column":20}}],"line":27},"1":{"loc":{"start":{"line":62,"column":16},"end":{"line":62,"column":33}},"type":"if","locations":[{"start":{"line":62,"column":16},"end":{"line":62,"column":33}},{"start":{"line":62,"column":16},"end":{"line":62,"column":33}}],"line":62},"2":{"loc":{"start":{"line":72,"column":16},"end":{"line":72,"column":33}},"type":"if","locations":[{"start":{"line":72,"column":16},"end":{"line":72,"column":33}},{"start":{"line":72,"column":16},"end":{"line":72,"column":33}}],"line":72},"3":{"loc":{"start":{"line":73,"column":16},"end":{"line":87,"column":17}},"type":"if","locations":[{"start":{"line":73,"column":16},"end":{"line":87,"column":17}},{"start":{"line":73,"column":16},"end":{"line":87,"column":17}}],"line":73},"4":{"loc":{"start":{"line":76,"column":24},"end":{"line":76,"column":41}},"type":"if","locations":[{"start":{"line":76,"column":24},"end":{"line":76,"column":41}},{"start":{"line":76,"column":24},"end":{"line":76,"column":41}}],"line":76},"5":{"loc":{"start":{"line":97,"column":12},"end":{"line":179,"column":13}},"type":"if","locations":[{"start":{"line":97,"column":12},"end":{"line":179,"column":13}},{"start":{"line":97,"column":12},"end":{"line":179,"column":13}}],"line":97},"6":{"loc":{"start":{"line":103,"column":20},"end":{"line":177,"column":21}},"type":"if","locations":[{"start":{"line":103,"column":20},"end":{"line":177,"column":21}},{"start":{"line":103,"column":20},"end":{"line":177,"column":21}}],"line":103},"7":{"loc":{"start":{"line":103,"column":23},"end":{"line":103,"column":87}},"type":"binary-expr","locations":[{"start":{"line":103,"column":23},"end":{"line":103,"column":41}},{"start":{"line":103,"column":46},"end":{"line":103,"column":86}}],"line":103},"8":{"loc":{"start":{"line":110,"column":28},"end":{"line":110,"column":45}},"type":"if","locations":[{"start":{"line":110,"column":28},"end":{"line":110,"column":45}},{"start":{"line":110,"column":28},"end":{"line":110,"column":45}}],"line":110},"9":{"loc":{"start":{"line":111,"column":28},"end":{"line":171,"column":29}},"type":"if","locations":[{"start":{"line":111,"column":28},"end":{"line":171,"column":29}},{"start":{"line":111,"column":28},"end":{"line":171,"column":29}}],"line":111},"10":{"loc":{"start":{"line":117,"column":36},"end":{"line":117,"column":53}},"type":"if","locations":[{"start":{"line":117,"column":36},"end":{"line":117,"column":53}},{"start":{"line":117,"column":36},"end":{"line":117,"column":53}}],"line":117},"11":{"loc":{"start":{"line":119,"column":36},"end":{"line":164,"column":37}},"type":"if","locations":[{"start":{"line":119,"column":36},"end":{"line":164,"column":37}},{"start":{"line":119,"column":36},"end":{"line":164,"column":37}}],"line":119},"12":{"loc":{"start":{"line":119,"column":39},"end":{"line":119,"column":91}},"type":"binary-expr","locations":[{"start":{"line":119,"column":39},"end":{"line":119,"column":55}},{"start":{"line":119,"column":59},"end":{"line":119,"column":91}}],"line":119},"13":{"loc":{"start":{"line":120,"column":40},"end":{"line":157,"column":41}},"type":"if","locations":[{"start":{"line":120,"column":40},"end":{"line":157,"column":41}},{"start":{"line":120,"column":40},"end":{"line":157,"column":41}}],"line":120},"14":{"loc":{"start":{"line":124,"column":45},"end":{"line":157,"column":41}},"type":"if","locations":[{"start":{"line":124,"column":45},"end":{"line":157,"column":41}},{"start":{"line":124,"column":45},"end":{"line":157,"column":41}}],"line":124},"15":{"loc":{"start":{"line":127,"column":48},"end":{"line":127,"column":65}},"type":"if","locations":[{"start":{"line":127,"column":48},"end":{"line":127,"column":65}},{"start":{"line":127,"column":48},"end":{"line":127,"column":65}}],"line":127},"16":{"loc":{"start":{"line":132,"column":52},"end":{"line":147,"column":53}},"type":"if","locations":[{"start":{"line":132,"column":52},"end":{"line":147,"column":53}},{"start":{"line":132,"column":52},"end":{"line":147,"column":53}}],"line":132},"17":{"loc":{"start":{"line":143,"column":60},"end":{"line":143,"column":77}},"type":"if","locations":[{"start":{"line":143,"column":60},"end":{"line":143,"column":77}},{"start":{"line":143,"column":60},"end":{"line":143,"column":77}}],"line":143},"18":{"loc":{"start":{"line":188,"column":12},"end":{"line":246,"column":13}},"type":"if","locations":[{"start":{"line":188,"column":12},"end":{"line":246,"column":13}},{"start":{"line":188,"column":12},"end":{"line":246,"column":13}}],"line":188},"19":{"loc":{"start":{"line":194,"column":20},"end":{"line":244,"column":21}},"type":"if","locations":[{"start":{"line":194,"column":20},"end":{"line":244,"column":21}},{"start":{"line":194,"column":20},"end":{"line":244,"column":21}}],"line":194},"20":{"loc":{"start":{"line":194,"column":23},"end":{"line":194,"column":87}},"type":"binary-expr","locations":[{"start":{"line":194,"column":23},"end":{"line":194,"column":41}},{"start":{"line":194,"column":46},"end":{"line":194,"column":86}}],"line":194},"21":{"loc":{"start":{"line":199,"column":28},"end":{"line":199,"column":45}},"type":"if","locations":[{"start":{"line":199,"column":28},"end":{"line":199,"column":45}},{"start":{"line":199,"column":28},"end":{"line":199,"column":45}}],"line":199},"22":{"loc":{"start":{"line":200,"column":28},"end":{"line":238,"column":29}},"type":"if","locations":[{"start":{"line":200,"column":28},"end":{"line":238,"column":29}},{"start":{"line":200,"column":28},"end":{"line":238,"column":29}}],"line":200},"23":{"loc":{"start":{"line":205,"column":36},"end":{"line":205,"column":53}},"type":"if","locations":[{"start":{"line":205,"column":36},"end":{"line":205,"column":53}},{"start":{"line":205,"column":36},"end":{"line":205,"column":53}}],"line":205},"24":{"loc":{"start":{"line":208,"column":36},"end":{"line":231,"column":37}},"type":"if","locations":[{"start":{"line":208,"column":36},"end":{"line":231,"column":37}},{"start":{"line":208,"column":36},"end":{"line":231,"column":37}}],"line":208},"25":{"loc":{"start":{"line":208,"column":39},"end":{"line":208,"column":91}},"type":"binary-expr","locations":[{"start":{"line":208,"column":39},"end":{"line":208,"column":55}},{"start":{"line":208,"column":59},"end":{"line":208,"column":91}}],"line":208},"26":{"loc":{"start":{"line":210,"column":40},"end":{"line":226,"column":86}},"type":"if","locations":[{"start":{"line":210,"column":40},"end":{"line":226,"column":86}},{"start":{"line":210,"column":40},"end":{"line":226,"column":86}}],"line":210},"27":{"loc":{"start":{"line":213,"column":45},"end":{"line":226,"column":86}},"type":"if","locations":[{"start":{"line":213,"column":45},"end":{"line":226,"column":86}},{"start":{"line":213,"column":45},"end":{"line":226,"column":86}}],"line":213},"28":{"loc":{"start":{"line":217,"column":45},"end":{"line":226,"column":86}},"type":"if","locations":[{"start":{"line":217,"column":45},"end":{"line":226,"column":86}},{"start":{"line":217,"column":45},"end":{"line":226,"column":86}}],"line":217},"29":{"loc":{"start":{"line":220,"column":48},"end":{"line":220,"column":65}},"type":"if","locations":[{"start":{"line":220,"column":48},"end":{"line":220,"column":65}},{"start":{"line":220,"column":48},"end":{"line":220,"column":65}}],"line":220},"30":{"loc":{"start":{"line":256,"column":12},"end":{"line":306,"column":13}},"type":"if","locations":[{"start":{"line":256,"column":12},"end":{"line":306,"column":13}},{"start":{"line":256,"column":12},"end":{"line":306,"column":13}}],"line":256},"31":{"loc":{"start":{"line":263,"column":20},"end":{"line":304,"column":21}},"type":"if","locations":[{"start":{"line":263,"column":20},"end":{"line":304,"column":21}},{"start":{"line":263,"column":20},"end":{"line":304,"column":21}}],"line":263},"32":{"loc":{"start":{"line":263,"column":23},"end":{"line":263,"column":87}},"type":"binary-expr","locations":[{"start":{"line":263,"column":23},"end":{"line":263,"column":41}},{"start":{"line":263,"column":46},"end":{"line":263,"column":86}}],"line":263},"33":{"loc":{"start":{"line":269,"column":28},"end":{"line":269,"column":45}},"type":"if","locations":[{"start":{"line":269,"column":28},"end":{"line":269,"column":45}},{"start":{"line":269,"column":28},"end":{"line":269,"column":45}}],"line":269},"34":{"loc":{"start":{"line":270,"column":28},"end":{"line":298,"column":29}},"type":"if","locations":[{"start":{"line":270,"column":28},"end":{"line":298,"column":29}},{"start":{"line":270,"column":28},"end":{"line":298,"column":29}}],"line":270},"35":{"loc":{"start":{"line":270,"column":31},"end":{"line":270,"column":85}},"type":"binary-expr","locations":[{"start":{"line":270,"column":31},"end":{"line":270,"column":49}},{"start":{"line":270,"column":53},"end":{"line":270,"column":85}}],"line":270},"36":{"loc":{"start":{"line":274,"column":36},"end":{"line":292,"column":37}},"type":"if","locations":[{"start":{"line":274,"column":36},"end":{"line":292,"column":37}},{"start":{"line":274,"column":36},"end":{"line":292,"column":37}}],"line":274},"37":{"loc":{"start":{"line":278,"column":40},"end":{"line":287,"column":41}},"type":"if","locations":[{"start":{"line":278,"column":40},"end":{"line":287,"column":41}},{"start":{"line":278,"column":40},"end":{"line":287,"column":41}}],"line":278},"38":{"loc":{"start":{"line":283,"column":48},"end":{"line":283,"column":65}},"type":"if","locations":[{"start":{"line":283,"column":48},"end":{"line":283,"column":65}},{"start":{"line":283,"column":48},"end":{"line":283,"column":65}}],"line":283},"39":{"loc":{"start":{"line":322,"column":16},"end":{"line":323,"column":29}},"type":"if","locations":[{"start":{"line":322,"column":16},"end":{"line":323,"column":29}},{"start":{"line":322,"column":16},"end":{"line":323,"column":29}}],"line":322},"40":{"loc":{"start":{"line":325,"column":16},"end":{"line":329,"column":43}},"type":"if","locations":[{"start":{"line":325,"column":16},"end":{"line":329,"column":43}},{"start":{"line":325,"column":16},"end":{"line":329,"column":43}}],"line":325},"41":{"loc":{"start":{"line":347,"column":16},"end":{"line":348,"column":29}},"type":"if","locations":[{"start":{"line":347,"column":16},"end":{"line":348,"column":29}},{"start":{"line":347,"column":16},"end":{"line":348,"column":29}}],"line":347},"42":{"loc":{"start":{"line":350,"column":16},"end":{"line":354,"column":43}},"type":"if","locations":[{"start":{"line":350,"column":16},"end":{"line":354,"column":43}},{"start":{"line":350,"column":16},"end":{"line":354,"column":43}}],"line":350},"43":{"loc":{"start":{"line":372,"column":16},"end":{"line":373,"column":29}},"type":"if","locations":[{"start":{"line":372,"column":16},"end":{"line":373,"column":29}},{"start":{"line":372,"column":16},"end":{"line":373,"column":29}}],"line":372},"44":{"loc":{"start":{"line":375,"column":16},"end":{"line":379,"column":43}},"type":"if","locations":[{"start":{"line":375,"column":16},"end":{"line":379,"column":43}},{"start":{"line":375,"column":16},"end":{"line":379,"column":43}}],"line":375}},"s":{"0":3,"1":3,"2":3,"3":3,"4":3,"5":3,"6":3,"7":3,"8":3,"9":3,"10":3,"11":3,"12":3,"13":3,"14":3,"15":3,"16":0,"17":3,"18":3,"19":3,"20":3,"21":3,"22":3,"23":0,"24":3,"25":0,"26":0,"27":0,"28":0,"29":3,"30":2,"31":2,"32":2,"33":0,"34":2,"35":1,"36":1,"37":1,"38":0,"39":1,"40":1,"41":1,"42":3,"43":8,"44":8,"45":8,"46":1,"47":7,"48":7,"49":6,"50":6,"51":6,"52":6,"53":0,"54":6,"55":5,"56":5,"57":5,"58":5,"59":0,"60":5,"61":3,"62":1,"63":2,"64":1,"65":1,"66":0,"67":1,"68":1,"69":1,"70":1,"71":0,"72":1,"73":1,"74":1,"75":2,"76":1,"77":1,"78":3,"79":9,"80":9,"81":9,"82":1,"83":8,"84":8,"85":7,"86":7,"87":7,"88":0,"89":7,"90":6,"91":6,"92":6,"93":0,"94":6,"95":4,"96":1,"97":3,"98":1,"99":2,"100":1,"101":1,"102":0,"103":1,"104":1,"105":2,"106":1,"107":1,"108":3,"109":7,"110":7,"111":7,"112":1,"113":6,"114":6,"115":5,"116":5,"117":5,"118":0,"119":5,"120":3,"121":3,"122":2,"123":2,"124":1,"125":1,"126":1,"127":0,"128":1,"129":1,"130":2,"131":1,"132":3,"133":5,"134":5,"135":5,"136":5,"137":0,"138":5,"139":1,"140":4,"141":3,"142":5,"143":5,"144":5,"145":5,"146":5,"147":0,"148":5,"149":2,"150":3,"151":3,"152":2,"153":2,"154":2,"155":2,"156":2,"157":0,"158":2,"159":2,"160":0,"161":3},"f":{"0":3,"1":3,"2":0,"3":0,"4":0,"5":0,"6":2,"7":2,"8":1,"9":8,"10":7,"11":6,"12":5,"13":1,"14":1,"15":1,"16":1,"17":9,"18":8,"19":7,"20":6,"21":1,"22":7,"23":6,"24":5,"25":3,"26":1,"27":5,"28":5,"29":5,"30":5,"31":2,"32":2},"b":{"0":[0,3],"1":[0,0],"2":[0,2],"3":[1,1],"4":[0,1],"5":[1,7],"6":[6,1],"7":[7,6],"8":[0,6],"9":[5,1],"10":[0,5],"11":[3,2],"12":[5,4],"13":[1,2],"14":[1,1],"15":[0,1],"16":[1,0],"17":[0,1],"18":[1,8],"19":[7,1],"20":[8,7],"21":[0,7],"22":[6,1],"23":[0,6],"24":[4,2],"25":[6,5],"26":[1,3],"27":[1,2],"28":[1,1],"29":[0,1],"30":[1,6],"31":[5,1],"32":[6,5],"33":[0,5],"34":[3,2],"35":[5,4],"36":[2,1],"37":[1,1],"38":[0,1],"39":[0,5],"40":[1,4],"41":[0,5],"42":[2,3],"43":[0,2],"44":[2,0]},"_coverageSchema":"1a1c01bbd47fc00a2c39e90264f33305004495a9","hash":"343e31207ca77a0940b99d8b4fac34d2d454dd1c"}
,"C:\\Users\\d976640\\Documents\\skillenhance_OAuth_Dep\\controllers\\authorize.js": {"path":"C:\\Users\\d976640\\Documents\\skillenhance_OAuth_Dep\\controllers\\authorize.js","statementMap":{"0":{"start":{"line":1,"column":12},"end":{"line":1,"column":35}},"1":{"start":{"line":2,"column":16},"end":{"line":2,"column":34}},"2":{"start":{"line":5,"column":0},"end":{"line":7,"column":1}},"3":{"start":{"line":6,"column":4},"end":{"line":6,"column":25}},"4":{"start":{"line":10,"column":0},"end":{"line":41,"column":1}},"5":{"start":{"line":13,"column":4},"end":{"line":40,"column":5}},"6":{"start":{"line":14,"column":8},"end":{"line":14,"column":19}},"7":{"start":{"line":17,"column":8},"end":{"line":39,"column":10}},"8":{"start":{"line":18,"column":12},"end":{"line":38,"column":14}},"9":{"start":{"line":22,"column":16},"end":{"line":22,"column":33}},"10":{"start":{"line":22,"column":24},"end":{"line":22,"column":33}},"11":{"start":{"line":23,"column":16},"end":{"line":23,"column":37}},"12":{"start":{"line":24,"column":16},"end":{"line":36,"column":17}},"13":{"start":{"line":27,"column":20},"end":{"line":27,"column":38}},"14":{"start":{"line":28,"column":20},"end":{"line":28,"column":28}},"15":{"start":{"line":29,"column":20},"end":{"line":29,"column":32}},"16":{"start":{"line":33,"column":20},"end":{"line":33,"column":37}},"17":{"start":{"line":34,"column":20},"end":{"line":34,"column":29}},"18":{"start":{"line":35,"column":20},"end":{"line":35,"column":32}}},"fnMap":{"0":{"name":"get_token","decl":{"start":{"line":5,"column":26},"end":{"line":5,"column":35}},"loc":{"start":{"line":5,"column":41},"end":{"line":7,"column":1}},"line":5},"1":{"name":"validate_user","decl":{"start":{"line":10,"column":26},"end":{"line":10,"column":39}},"loc":{"start":{"line":10,"column":55},"end":{"line":41,"column":1}},"line":10},"2":{"name":"(anonymous_2)","decl":{"start":{"line":17,"column":27},"end":{"line":17,"column":28}},"loc":{"start":{"line":17,"column":45},"end":{"line":39,"column":9}},"line":17},"3":{"name":"(anonymous_3)","decl":{"start":{"line":21,"column":14},"end":{"line":21,"column":15}},"loc":{"start":{"line":21,"column":35},"end":{"line":38,"column":13}},"line":21}},"branchMap":{"0":{"loc":{"start":{"line":13,"column":4},"end":{"line":40,"column":5}},"type":"if","locations":[{"start":{"line":13,"column":4},"end":{"line":40,"column":5}},{"start":{"line":13,"column":4},"end":{"line":40,"column":5}}],"line":13},"1":{"loc":{"start":{"line":22,"column":16},"end":{"line":22,"column":33}},"type":"if","locations":[{"start":{"line":22,"column":16},"end":{"line":22,"column":33}},{"start":{"line":22,"column":16},"end":{"line":22,"column":33}}],"line":22},"2":{"loc":{"start":{"line":24,"column":16},"end":{"line":36,"column":17}},"type":"if","locations":[{"start":{"line":24,"column":16},"end":{"line":36,"column":17}},{"start":{"line":24,"column":16},"end":{"line":36,"column":17}}],"line":24}},"s":{"0":10,"1":10,"2":10,"3":0,"4":10,"5":63,"6":63,"7":0,"8":0,"9":0,"10":0,"11":0,"12":0,"13":0,"14":0,"15":0,"16":0,"17":0,"18":0},"f":{"0":0,"1":63,"2":0,"3":0},"b":{"0":[63,0],"1":[0,0],"2":[0,0]},"_coverageSchema":"1a1c01bbd47fc00a2c39e90264f33305004495a9","hash":"a70ccc98c557436dd5d1f64239dd6139b1dbfb0c"}
,"C:\\Users\\d976640\\Documents\\skillenhance_OAuth_Dep\\controllers\\comments.js": {"path":"C:\\Users\\d976640\\Documents\\skillenhance_OAuth_Dep\\controllers\\comments.js","statementMap":{"0":{"start":{"line":1,"column":18},"end":{"line":1,"column":48}},"1":{"start":{"line":2,"column":10},"end":{"line":2,"column":88}},"2":{"start":{"line":3,"column":11},"end":{"line":3,"column":29}},"3":{"start":{"line":4,"column":24},"end":{"line":4,"column":34}},"4":{"start":{"line":5,"column":24},"end":{"line":5,"column":40}},"5":{"start":{"line":6,"column":23},"end":{"line":6,"column":30}},"6":{"start":{"line":7,"column":19},"end":{"line":7,"column":28}},"7":{"start":{"line":10,"column":14},"end":{"line":10,"column":32}},"8":{"start":{"line":11,"column":12},"end":{"line":11,"column":21}},"9":{"start":{"line":12,"column":19},"end":{"line":12,"column":41}},"10":{"start":{"line":13,"column":0},"end":{"line":13,"column":23}},"11":{"start":{"line":14,"column":0},"end":{"line":14,"column":44}},"12":{"start":{"line":15,"column":0},"end":{"line":15,"column":33}},"13":{"start":{"line":18,"column":14},"end":{"line":18,"column":16}},"14":{"start":{"line":22,"column":16},"end":{"line":22,"column":34}},"15":{"start":{"line":23,"column":22},"end":{"line":23,"column":44}},"16":{"start":{"line":24,"column":18},"end":{"line":24,"column":40}},"17":{"start":{"line":30,"column":0},"end":{"line":299,"column":2}},"18":{"start":{"line":31,"column":4},"end":{"line":31,"column":21}},"19":{"start":{"line":31,"column":12},"end":{"line":31,"column":21}},"20":{"start":{"line":32,"column":4},"end":{"line":32,"column":19}},"21":{"start":{"line":33,"column":4},"end":{"line":298,"column":6}},"22":{"start":{"line":34,"column":8},"end":{"line":34,"column":38}},"23":{"start":{"line":35,"column":8},"end":{"line":35,"column":37}},"24":{"start":{"line":38,"column":18},"end":{"line":38,"column":68}},"25":{"start":{"line":39,"column":8},"end":{"line":39,"column":24}},"26":{"start":{"line":43,"column":12},"end":{"line":47,"column":14}},"27":{"start":{"line":55,"column":8},"end":{"line":83,"column":10}},"28":{"start":{"line":56,"column":24},"end":{"line":56,"column":53}},"29":{"start":{"line":60,"column":12},"end":{"line":65,"column":14}},"30":{"start":{"line":62,"column":16},"end":{"line":62,"column":34}},"31":{"start":{"line":63,"column":16},"end":{"line":63,"column":26}},"32":{"start":{"line":64,"column":16},"end":{"line":64,"column":34}},"33":{"start":{"line":68,"column":16},"end":{"line":81,"column":18}},"34":{"start":{"line":69,"column":20},"end":{"line":80,"column":22}},"35":{"start":{"line":70,"column":24},"end":{"line":79,"column":25}},"36":{"start":{"line":71,"column":28},"end":{"line":71,"column":37}},"37":{"start":{"line":72,"column":29},"end":{"line":79,"column":25}},"38":{"start":{"line":73,"column":28},"end":{"line":73,"column":60}},"39":{"start":{"line":76,"column":28},"end":{"line":78,"column":30}},"40":{"start":{"line":77,"column":32},"end":{"line":77,"column":49}},"41":{"start":{"line":86,"column":8},"end":{"line":92,"column":10}},"42":{"start":{"line":87,"column":23},"end":{"line":87,"column":47}},"43":{"start":{"line":88,"column":12},"end":{"line":91,"column":14}},"44":{"start":{"line":89,"column":16},"end":{"line":90,"column":40}},"45":{"start":{"line":89,"column":37},"end":{"line":89,"column":67}},"46":{"start":{"line":90,"column":21},"end":{"line":90,"column":40}},"47":{"start":{"line":95,"column":8},"end":{"line":102,"column":10}},"48":{"start":{"line":96,"column":23},"end":{"line":96,"column":47}},"49":{"start":{"line":98,"column":12},"end":{"line":101,"column":14}},"50":{"start":{"line":99,"column":16},"end":{"line":100,"column":37}},"51":{"start":{"line":99,"column":25},"end":{"line":99,"column":34}},"52":{"start":{"line":100,"column":21},"end":{"line":100,"column":37}},"53":{"start":{"line":105,"column":8},"end":{"line":166,"column":10}},"54":{"start":{"line":108,"column":26},"end":{"line":108,"column":55}},"55":{"start":{"line":109,"column":12},"end":{"line":165,"column":13}},"56":{"start":{"line":109,"column":28},"end":{"line":109,"column":53}},"57":{"start":{"line":111,"column":27},"end":{"line":111,"column":51}},"58":{"start":{"line":112,"column":16},"end":{"line":164,"column":18}},"59":{"start":{"line":113,"column":20},"end":{"line":163,"column":61}},"60":{"start":{"line":114,"column":37},"end":{"line":114,"column":46}},"61":{"start":{"line":115,"column":24},"end":{"line":161,"column":26}},"62":{"start":{"line":116,"column":28},"end":{"line":160,"column":60}},"63":{"start":{"line":117,"column":32},"end":{"line":158,"column":33}},"64":{"start":{"line":117,"column":63},"end":{"line":117,"column":97}},"65":{"start":{"line":119,"column":53},"end":{"line":128,"column":37}},"66":{"start":{"line":129,"column":36},"end":{"line":129,"column":51}},"67":{"start":{"line":130,"column":36},"end":{"line":130,"column":73}},"68":{"start":{"line":131,"column":36},"end":{"line":157,"column":38}},"69":{"start":{"line":132,"column":40},"end":{"line":132,"column":58}},"70":{"start":{"line":132,"column":49},"end":{"line":132,"column":58}},"71":{"start":{"line":136,"column":40},"end":{"line":156,"column":42}},"72":{"start":{"line":137,"column":44},"end":{"line":151,"column":45}},"73":{"start":{"line":139,"column":48},"end":{"line":150,"column":50}},"74":{"start":{"line":148,"column":52},"end":{"line":148,"column":69}},"75":{"start":{"line":148,"column":60},"end":{"line":148,"column":69}},"76":{"start":{"line":152,"column":44},"end":{"line":152,"column":53}},"77":{"start":{"line":155,"column":44},"end":{"line":155,"column":86}},"78":{"start":{"line":160,"column":33},"end":{"line":160,"column":60}},"79":{"start":{"line":163,"column":25},"end":{"line":163,"column":61}},"80":{"start":{"line":169,"column":8},"end":{"line":202,"column":10}},"81":{"start":{"line":172,"column":26},"end":{"line":172,"column":55}},"82":{"start":{"line":173,"column":23},"end":{"line":173,"column":47}},"83":{"start":{"line":174,"column":12},"end":{"line":201,"column":13}},"84":{"start":{"line":174,"column":31},"end":{"line":174,"column":56}},"85":{"start":{"line":176,"column":16},"end":{"line":200,"column":18}},"86":{"start":{"line":177,"column":20},"end":{"line":199,"column":49}},"87":{"start":{"line":177,"column":29},"end":{"line":177,"column":38}},"88":{"start":{"line":178,"column":25},"end":{"line":199,"column":49}},"89":{"start":{"line":179,"column":24},"end":{"line":179,"column":40}},"90":{"start":{"line":180,"column":24},"end":{"line":197,"column":26}},"91":{"start":{"line":181,"column":28},"end":{"line":196,"column":74}},"92":{"start":{"line":182,"column":32},"end":{"line":194,"column":34}},"93":{"start":{"line":183,"column":36},"end":{"line":193,"column":68}},"94":{"start":{"line":184,"column":40},"end":{"line":191,"column":41}},"95":{"start":{"line":184,"column":70},"end":{"line":184,"column":104}},"96":{"start":{"line":186,"column":44},"end":{"line":186,"column":154}},"97":{"start":{"line":187,"column":44},"end":{"line":190,"column":96}},"98":{"start":{"line":188,"column":48},"end":{"line":188,"column":98}},"99":{"start":{"line":189,"column":49},"end":{"line":190,"column":96}},"100":{"start":{"line":190,"column":48},"end":{"line":190,"column":96}},"101":{"start":{"line":193,"column":41},"end":{"line":193,"column":68}},"102":{"start":{"line":196,"column":33},"end":{"line":196,"column":74}},"103":{"start":{"line":199,"column":25},"end":{"line":199,"column":49}},"104":{"start":{"line":205,"column":8},"end":{"line":230,"column":10}},"105":{"start":{"line":208,"column":26},"end":{"line":208,"column":55}},"106":{"start":{"line":209,"column":23},"end":{"line":209,"column":47}},"107":{"start":{"line":210,"column":12},"end":{"line":229,"column":13}},"108":{"start":{"line":210,"column":31},"end":{"line":210,"column":56}},"109":{"start":{"line":212,"column":16},"end":{"line":228,"column":18}},"110":{"start":{"line":213,"column":20},"end":{"line":227,"column":49}},"111":{"start":{"line":213,"column":29},"end":{"line":213,"column":38}},"112":{"start":{"line":214,"column":25},"end":{"line":227,"column":49}},"113":{"start":{"line":215,"column":24},"end":{"line":215,"column":40}},"114":{"start":{"line":216,"column":24},"end":{"line":225,"column":26}},"115":{"start":{"line":217,"column":28},"end":{"line":224,"column":63}},"116":{"start":{"line":218,"column":32},"end":{"line":222,"column":80}},"117":{"start":{"line":219,"column":36},"end":{"line":219,"column":88}},"118":{"start":{"line":220,"column":36},"end":{"line":220,"column":89}},"119":{"start":{"line":222,"column":37},"end":{"line":222,"column":80}},"120":{"start":{"line":224,"column":33},"end":{"line":224,"column":63}},"121":{"start":{"line":227,"column":25},"end":{"line":227,"column":49}},"122":{"start":{"line":233,"column":8},"end":{"line":256,"column":10}},"123":{"start":{"line":235,"column":26},"end":{"line":235,"column":55}},"124":{"start":{"line":236,"column":23},"end":{"line":236,"column":47}},"125":{"start":{"line":237,"column":12},"end":{"line":255,"column":13}},"126":{"start":{"line":237,"column":31},"end":{"line":237,"column":56}},"127":{"start":{"line":239,"column":16},"end":{"line":254,"column":18}},"128":{"start":{"line":240,"column":20},"end":{"line":253,"column":49}},"129":{"start":{"line":240,"column":29},"end":{"line":240,"column":38}},"130":{"start":{"line":241,"column":25},"end":{"line":253,"column":49}},"131":{"start":{"line":242,"column":24},"end":{"line":251,"column":26}},"132":{"start":{"line":243,"column":28},"end":{"line":250,"column":63}},"133":{"start":{"line":244,"column":46},"end":{"line":244,"column":64}},"134":{"start":{"line":245,"column":32},"end":{"line":248,"column":34}},"135":{"start":{"line":246,"column":36},"end":{"line":246,"column":53}},"136":{"start":{"line":246,"column":44},"end":{"line":246,"column":53}},"137":{"start":{"line":247,"column":36},"end":{"line":247,"column":67}},"138":{"start":{"line":250,"column":33},"end":{"line":250,"column":63}},"139":{"start":{"line":253,"column":25},"end":{"line":253,"column":49}},"140":{"start":{"line":259,"column":8},"end":{"line":282,"column":10}},"141":{"start":{"line":261,"column":26},"end":{"line":261,"column":55}},"142":{"start":{"line":262,"column":23},"end":{"line":262,"column":47}},"143":{"start":{"line":263,"column":12},"end":{"line":281,"column":13}},"144":{"start":{"line":263,"column":31},"end":{"line":263,"column":56}},"145":{"start":{"line":265,"column":16},"end":{"line":280,"column":18}},"146":{"start":{"line":266,"column":20},"end":{"line":279,"column":49}},"147":{"start":{"line":266,"column":29},"end":{"line":266,"column":38}},"148":{"start":{"line":267,"column":25},"end":{"line":279,"column":49}},"149":{"start":{"line":268,"column":24},"end":{"line":277,"column":26}},"150":{"start":{"line":269,"column":28},"end":{"line":276,"column":63}},"151":{"start":{"line":270,"column":46},"end":{"line":270,"column":64}},"152":{"start":{"line":271,"column":32},"end":{"line":274,"column":34}},"153":{"start":{"line":272,"column":36},"end":{"line":272,"column":53}},"154":{"start":{"line":272,"column":44},"end":{"line":272,"column":53}},"155":{"start":{"line":273,"column":36},"end":{"line":273,"column":67}},"156":{"start":{"line":276,"column":33},"end":{"line":276,"column":63}},"157":{"start":{"line":279,"column":25},"end":{"line":279,"column":49}},"158":{"start":{"line":285,"column":8},"end":{"line":297,"column":10}},"159":{"start":{"line":286,"column":23},"end":{"line":286,"column":47}},"160":{"start":{"line":288,"column":12},"end":{"line":296,"column":14}},"161":{"start":{"line":289,"column":16},"end":{"line":295,"column":48}},"162":{"start":{"line":290,"column":20},"end":{"line":293,"column":22}},"163":{"start":{"line":291,"column":24},"end":{"line":292,"column":45}},"164":{"start":{"line":291,"column":33},"end":{"line":291,"column":42}},"165":{"start":{"line":292,"column":29},"end":{"line":292,"column":45}},"166":{"start":{"line":295,"column":21},"end":{"line":295,"column":48}},"167":{"start":{"line":301,"column":0},"end":{"line":301,"column":20}}},"fnMap":{"0":{"name":"(anonymous_0)","decl":{"start":{"line":30,"column":24},"end":{"line":30,"column":25}},"loc":{"start":{"line":30,"column":40},"end":{"line":299,"column":1}},"line":30},"1":{"name":"(anonymous_1)","decl":{"start":{"line":33,"column":48},"end":{"line":33,"column":49}},"loc":{"start":{"line":33,"column":74},"end":{"line":298,"column":5}},"line":33},"2":{"name":"cleanup","decl":{"start":{"line":42,"column":23},"end":{"line":42,"column":30}},"loc":{"start":{"line":42,"column":32},"end":{"line":48,"column":9}},"line":42},"3":{"name":"(anonymous_3)","decl":{"start":{"line":43,"column":103},"end":{"line":43,"column":104}},"loc":{"start":{"line":43,"column":117},"end":{"line":47,"column":13}},"line":43},"4":{"name":"(anonymous_4)","decl":{"start":{"line":55,"column":70},"end":{"line":55,"column":71}},"loc":{"start":{"line":55,"column":81},"end":{"line":83,"column":9}},"line":55},"5":{"name":"(anonymous_5)","decl":{"start":{"line":60,"column":23},"end":{"line":60,"column":24}},"loc":{"start":{"line":60,"column":27},"end":{"line":65,"column":13}},"line":60},"6":{"name":"run","decl":{"start":{"line":67,"column":27},"end":{"line":67,"column":30}},"loc":{"start":{"line":67,"column":32},"end":{"line":82,"column":13}},"line":67},"7":{"name":"(anonymous_7)","decl":{"start":{"line":68,"column":28},"end":{"line":68,"column":29}},"loc":{"start":{"line":68,"column":32},"end":{"line":81,"column":17}},"line":68},"8":{"name":"(anonymous_8)","decl":{"start":{"line":69,"column":82},"end":{"line":69,"column":83}},"loc":{"start":{"line":69,"column":102},"end":{"line":80,"column":21}},"line":69},"9":{"name":"(anonymous_9)","decl":{"start":{"line":76,"column":43},"end":{"line":76,"column":44}},"loc":{"start":{"line":76,"column":48},"end":{"line":78,"column":29}},"line":76},"10":{"name":"(anonymous_10)","decl":{"start":{"line":86,"column":32},"end":{"line":86,"column":33}},"loc":{"start":{"line":86,"column":43},"end":{"line":92,"column":9}},"line":86},"11":{"name":"(anonymous_11)","decl":{"start":{"line":88,"column":68},"end":{"line":88,"column":69}},"loc":{"start":{"line":88,"column":82},"end":{"line":91,"column":13}},"line":88},"12":{"name":"(anonymous_12)","decl":{"start":{"line":95,"column":66},"end":{"line":95,"column":67}},"loc":{"start":{"line":95,"column":77},"end":{"line":102,"column":9}},"line":95},"13":{"name":"(anonymous_13)","decl":{"start":{"line":98,"column":72},"end":{"line":98,"column":73}},"loc":{"start":{"line":98,"column":92},"end":{"line":101,"column":13}},"line":98},"14":{"name":"(anonymous_14)","decl":{"start":{"line":105,"column":77},"end":{"line":105,"column":78}},"loc":{"start":{"line":105,"column":88},"end":{"line":166,"column":9}},"line":105},"15":{"name":"(anonymous_15)","decl":{"start":{"line":112,"column":75},"end":{"line":112,"column":76}},"loc":{"start":{"line":112,"column":95},"end":{"line":164,"column":17}},"line":112},"16":{"name":"(anonymous_16)","decl":{"start":{"line":115,"column":80},"end":{"line":115,"column":81}},"loc":{"start":{"line":115,"column":100},"end":{"line":161,"column":25}},"line":115},"17":{"name":"(anonymous_17)","decl":{"start":{"line":131,"column":91},"end":{"line":131,"column":92}},"loc":{"start":{"line":131,"column":111},"end":{"line":157,"column":37}},"line":131},"18":{"name":"(anonymous_18)","decl":{"start":{"line":136,"column":52},"end":{"line":136,"column":53}},"loc":{"start":{"line":136,"column":70},"end":{"line":154,"column":41}},"line":136},"19":{"name":"(anonymous_19)","decl":{"start":{"line":147,"column":50},"end":{"line":147,"column":51}},"loc":{"start":{"line":147,"column":66},"end":{"line":150,"column":49}},"line":147},"20":{"name":"(anonymous_20)","decl":{"start":{"line":154,"column":48},"end":{"line":154,"column":49}},"loc":{"start":{"line":154,"column":52},"end":{"line":156,"column":41}},"line":154},"21":{"name":"(anonymous_21)","decl":{"start":{"line":169,"column":39},"end":{"line":169,"column":40}},"loc":{"start":{"line":169,"column":50},"end":{"line":202,"column":9}},"line":169},"22":{"name":"(anonymous_22)","decl":{"start":{"line":176,"column":77},"end":{"line":176,"column":78}},"loc":{"start":{"line":176,"column":103},"end":{"line":200,"column":17}},"line":176},"23":{"name":"(anonymous_23)","decl":{"start":{"line":180,"column":82},"end":{"line":180,"column":83}},"loc":{"start":{"line":180,"column":102},"end":{"line":197,"column":25}},"line":180},"24":{"name":"(anonymous_24)","decl":{"start":{"line":182,"column":102},"end":{"line":182,"column":103}},"loc":{"start":{"line":182,"column":116},"end":{"line":194,"column":33}},"line":182},"25":{"name":"(anonymous_25)","decl":{"start":{"line":205,"column":42},"end":{"line":205,"column":43}},"loc":{"start":{"line":205,"column":53},"end":{"line":230,"column":9}},"line":205},"26":{"name":"(anonymous_26)","decl":{"start":{"line":212,"column":77},"end":{"line":212,"column":78}},"loc":{"start":{"line":212,"column":103},"end":{"line":228,"column":17}},"line":212},"27":{"name":"(anonymous_27)","decl":{"start":{"line":216,"column":82},"end":{"line":216,"column":83}},"loc":{"start":{"line":216,"column":102},"end":{"line":225,"column":25}},"line":216},"28":{"name":"(anonymous_28)","decl":{"start":{"line":233,"column":73},"end":{"line":233,"column":74}},"loc":{"start":{"line":233,"column":84},"end":{"line":256,"column":9}},"line":233},"29":{"name":"(anonymous_29)","decl":{"start":{"line":239,"column":77},"end":{"line":239,"column":78}},"loc":{"start":{"line":239,"column":103},"end":{"line":254,"column":17}},"line":239},"30":{"name":"(anonymous_30)","decl":{"start":{"line":242,"column":80},"end":{"line":242,"column":81}},"loc":{"start":{"line":242,"column":100},"end":{"line":251,"column":25}},"line":242},"31":{"name":"(anonymous_31)","decl":{"start":{"line":245,"column":119},"end":{"line":245,"column":120}},"loc":{"start":{"line":245,"column":133},"end":{"line":248,"column":33}},"line":245},"32":{"name":"(anonymous_32)","decl":{"start":{"line":259,"column":74},"end":{"line":259,"column":75}},"loc":{"start":{"line":259,"column":85},"end":{"line":282,"column":9}},"line":259},"33":{"name":"(anonymous_33)","decl":{"start":{"line":265,"column":77},"end":{"line":265,"column":78}},"loc":{"start":{"line":265,"column":103},"end":{"line":280,"column":17}},"line":265},"34":{"name":"(anonymous_34)","decl":{"start":{"line":268,"column":80},"end":{"line":268,"column":81}},"loc":{"start":{"line":268,"column":100},"end":{"line":277,"column":25}},"line":268},"35":{"name":"(anonymous_35)","decl":{"start":{"line":271,"column":119},"end":{"line":271,"column":120}},"loc":{"start":{"line":271,"column":133},"end":{"line":274,"column":33}},"line":271},"36":{"name":"(anonymous_36)","decl":{"start":{"line":285,"column":40},"end":{"line":285,"column":41}},"loc":{"start":{"line":285,"column":51},"end":{"line":297,"column":9}},"line":285},"37":{"name":"(anonymous_37)","decl":{"start":{"line":288,"column":67},"end":{"line":288,"column":68}},"loc":{"start":{"line":288,"column":81},"end":{"line":296,"column":13}},"line":288},"38":{"name":"(anonymous_38)","decl":{"start":{"line":290,"column":80},"end":{"line":290,"column":81}},"loc":{"start":{"line":290,"column":100},"end":{"line":293,"column":21}},"line":290}},"branchMap":{"0":{"loc":{"start":{"line":31,"column":4},"end":{"line":31,"column":21}},"type":"if","locations":[{"start":{"line":31,"column":4},"end":{"line":31,"column":21}},{"start":{"line":31,"column":4},"end":{"line":31,"column":21}}],"line":31},"1":{"loc":{"start":{"line":70,"column":24},"end":{"line":79,"column":25}},"type":"if","locations":[{"start":{"line":70,"column":24},"end":{"line":79,"column":25}},{"start":{"line":70,"column":24},"end":{"line":79,"column":25}}],"line":70},"2":{"loc":{"start":{"line":72,"column":29},"end":{"line":79,"column":25}},"type":"if","locations":[{"start":{"line":72,"column":29},"end":{"line":79,"column":25}},{"start":{"line":72,"column":29},"end":{"line":79,"column":25}}],"line":72},"3":{"loc":{"start":{"line":89,"column":16},"end":{"line":90,"column":40}},"type":"if","locations":[{"start":{"line":89,"column":16},"end":{"line":90,"column":40}},{"start":{"line":89,"column":16},"end":{"line":90,"column":40}}],"line":89},"4":{"loc":{"start":{"line":99,"column":16},"end":{"line":100,"column":37}},"type":"if","locations":[{"start":{"line":99,"column":16},"end":{"line":100,"column":37}},{"start":{"line":99,"column":16},"end":{"line":100,"column":37}}],"line":99},"5":{"loc":{"start":{"line":109,"column":12},"end":{"line":165,"column":13}},"type":"if","locations":[{"start":{"line":109,"column":12},"end":{"line":165,"column":13}},{"start":{"line":109,"column":12},"end":{"line":165,"column":13}}],"line":109},"6":{"loc":{"start":{"line":113,"column":20},"end":{"line":163,"column":61}},"type":"if","locations":[{"start":{"line":113,"column":20},"end":{"line":163,"column":61}},{"start":{"line":113,"column":20},"end":{"line":163,"column":61}}],"line":113},"7":{"loc":{"start":{"line":113,"column":23},"end":{"line":113,"column":87}},"type":"binary-expr","locations":[{"start":{"line":113,"column":23},"end":{"line":113,"column":39}},{"start":{"line":113,"column":44},"end":{"line":113,"column":86}}],"line":113},"8":{"loc":{"start":{"line":116,"column":28},"end":{"line":160,"column":60}},"type":"if","locations":[{"start":{"line":116,"column":28},"end":{"line":160,"column":60}},{"start":{"line":116,"column":28},"end":{"line":160,"column":60}}],"line":116},"9":{"loc":{"start":{"line":117,"column":32},"end":{"line":158,"column":33}},"type":"if","locations":[{"start":{"line":117,"column":32},"end":{"line":158,"column":33}},{"start":{"line":117,"column":32},"end":{"line":158,"column":33}}],"line":117},"10":{"loc":{"start":{"line":132,"column":40},"end":{"line":132,"column":58}},"type":"if","locations":[{"start":{"line":132,"column":40},"end":{"line":132,"column":58}},{"start":{"line":132,"column":40},"end":{"line":132,"column":58}}],"line":132},"11":{"loc":{"start":{"line":137,"column":44},"end":{"line":151,"column":45}},"type":"if","locations":[{"start":{"line":137,"column":44},"end":{"line":151,"column":45}},{"start":{"line":137,"column":44},"end":{"line":151,"column":45}}],"line":137},"12":{"loc":{"start":{"line":148,"column":52},"end":{"line":148,"column":69}},"type":"if","locations":[{"start":{"line":148,"column":52},"end":{"line":148,"column":69}},{"start":{"line":148,"column":52},"end":{"line":148,"column":69}}],"line":148},"13":{"loc":{"start":{"line":174,"column":12},"end":{"line":201,"column":13}},"type":"if","locations":[{"start":{"line":174,"column":12},"end":{"line":201,"column":13}},{"start":{"line":174,"column":12},"end":{"line":201,"column":13}}],"line":174},"14":{"loc":{"start":{"line":177,"column":20},"end":{"line":199,"column":49}},"type":"if","locations":[{"start":{"line":177,"column":20},"end":{"line":199,"column":49}},{"start":{"line":177,"column":20},"end":{"line":199,"column":49}}],"line":177},"15":{"loc":{"start":{"line":178,"column":25},"end":{"line":199,"column":49}},"type":"if","locations":[{"start":{"line":178,"column":25},"end":{"line":199,"column":49}},{"start":{"line":178,"column":25},"end":{"line":199,"column":49}}],"line":178},"16":{"loc":{"start":{"line":178,"column":28},"end":{"line":178,"column":93}},"type":"binary-expr","locations":[{"start":{"line":178,"column":28},"end":{"line":178,"column":46}},{"start":{"line":178,"column":51},"end":{"line":178,"column":92}}],"line":178},"17":{"loc":{"start":{"line":181,"column":28},"end":{"line":196,"column":74}},"type":"if","locations":[{"start":{"line":181,"column":28},"end":{"line":196,"column":74}},{"start":{"line":181,"column":28},"end":{"line":196,"column":74}}],"line":181},"18":{"loc":{"start":{"line":181,"column":32},"end":{"line":181,"column":79}},"type":"binary-expr","locations":[{"start":{"line":181,"column":32},"end":{"line":181,"column":48}},{"start":{"line":181,"column":52},"end":{"line":181,"column":79}}],"line":181},"19":{"loc":{"start":{"line":183,"column":36},"end":{"line":193,"column":68}},"type":"if","locations":[{"start":{"line":183,"column":36},"end":{"line":193,"column":68}},{"start":{"line":183,"column":36},"end":{"line":193,"column":68}}],"line":183},"20":{"loc":{"start":{"line":184,"column":40},"end":{"line":191,"column":41}},"type":"if","locations":[{"start":{"line":184,"column":40},"end":{"line":191,"column":41}},{"start":{"line":184,"column":40},"end":{"line":191,"column":41}}],"line":184},"21":{"loc":{"start":{"line":187,"column":44},"end":{"line":190,"column":96}},"type":"if","locations":[{"start":{"line":187,"column":44},"end":{"line":190,"column":96}},{"start":{"line":187,"column":44},"end":{"line":190,"column":96}}],"line":187},"22":{"loc":{"start":{"line":189,"column":49},"end":{"line":190,"column":96}},"type":"if","locations":[{"start":{"line":189,"column":49},"end":{"line":190,"column":96}},{"start":{"line":189,"column":49},"end":{"line":190,"column":96}}],"line":189},"23":{"loc":{"start":{"line":210,"column":12},"end":{"line":229,"column":13}},"type":"if","locations":[{"start":{"line":210,"column":12},"end":{"line":229,"column":13}},{"start":{"line":210,"column":12},"end":{"line":229,"column":13}}],"line":210},"24":{"loc":{"start":{"line":213,"column":20},"end":{"line":227,"column":49}},"type":"if","locations":[{"start":{"line":213,"column":20},"end":{"line":227,"column":49}},{"start":{"line":213,"column":20},"end":{"line":227,"column":49}}],"line":213},"25":{"loc":{"start":{"line":214,"column":25},"end":{"line":227,"column":49}},"type":"if","locations":[{"start":{"line":214,"column":25},"end":{"line":227,"column":49}},{"start":{"line":214,"column":25},"end":{"line":227,"column":49}}],"line":214},"26":{"loc":{"start":{"line":214,"column":28},"end":{"line":214,"column":93}},"type":"binary-expr","locations":[{"start":{"line":214,"column":28},"end":{"line":214,"column":46}},{"start":{"line":214,"column":51},"end":{"line":214,"column":92}}],"line":214},"27":{"loc":{"start":{"line":217,"column":28},"end":{"line":224,"column":63}},"type":"if","locations":[{"start":{"line":217,"column":28},"end":{"line":224,"column":63}},{"start":{"line":217,"column":28},"end":{"line":224,"column":63}}],"line":217},"28":{"loc":{"start":{"line":218,"column":32},"end":{"line":222,"column":80}},"type":"if","locations":[{"start":{"line":218,"column":32},"end":{"line":222,"column":80}},{"start":{"line":218,"column":32},"end":{"line":222,"column":80}}],"line":218},"29":{"loc":{"start":{"line":237,"column":12},"end":{"line":255,"column":13}},"type":"if","locations":[{"start":{"line":237,"column":12},"end":{"line":255,"column":13}},{"start":{"line":237,"column":12},"end":{"line":255,"column":13}}],"line":237},"30":{"loc":{"start":{"line":240,"column":20},"end":{"line":253,"column":49}},"type":"if","locations":[{"start":{"line":240,"column":20},"end":{"line":253,"column":49}},{"start":{"line":240,"column":20},"end":{"line":253,"column":49}}],"line":240},"31":{"loc":{"start":{"line":241,"column":25},"end":{"line":253,"column":49}},"type":"if","locations":[{"start":{"line":241,"column":25},"end":{"line":253,"column":49}},{"start":{"line":241,"column":25},"end":{"line":253,"column":49}}],"line":241},"32":{"loc":{"start":{"line":241,"column":28},"end":{"line":241,"column":93}},"type":"binary-expr","locations":[{"start":{"line":241,"column":28},"end":{"line":241,"column":46}},{"start":{"line":241,"column":51},"end":{"line":241,"column":92}}],"line":241},"33":{"loc":{"start":{"line":243,"column":28},"end":{"line":250,"column":63}},"type":"if","locations":[{"start":{"line":243,"column":28},"end":{"line":250,"column":63}},{"start":{"line":243,"column":28},"end":{"line":250,"column":63}}],"line":243},"34":{"loc":{"start":{"line":246,"column":36},"end":{"line":246,"column":53}},"type":"if","locations":[{"start":{"line":246,"column":36},"end":{"line":246,"column":53}},{"start":{"line":246,"column":36},"end":{"line":246,"column":53}}],"line":246},"35":{"loc":{"start":{"line":263,"column":12},"end":{"line":281,"column":13}},"type":"if","locations":[{"start":{"line":263,"column":12},"end":{"line":281,"column":13}},{"start":{"line":263,"column":12},"end":{"line":281,"column":13}}],"line":263},"36":{"loc":{"start":{"line":266,"column":20},"end":{"line":279,"column":49}},"type":"if","locations":[{"start":{"line":266,"column":20},"end":{"line":279,"column":49}},{"start":{"line":266,"column":20},"end":{"line":279,"column":49}}],"line":266},"37":{"loc":{"start":{"line":267,"column":25},"end":{"line":279,"column":49}},"type":"if","locations":[{"start":{"line":267,"column":25},"end":{"line":279,"column":49}},{"start":{"line":267,"column":25},"end":{"line":279,"column":49}}],"line":267},"38":{"loc":{"start":{"line":267,"column":28},"end":{"line":267,"column":93}},"type":"binary-expr","locations":[{"start":{"line":267,"column":28},"end":{"line":267,"column":46}},{"start":{"line":267,"column":51},"end":{"line":267,"column":92}}],"line":267},"39":{"loc":{"start":{"line":269,"column":28},"end":{"line":276,"column":63}},"type":"if","locations":[{"start":{"line":269,"column":28},"end":{"line":276,"column":63}},{"start":{"line":269,"column":28},"end":{"line":276,"column":63}}],"line":269},"40":{"loc":{"start":{"line":272,"column":36},"end":{"line":272,"column":53}},"type":"if","locations":[{"start":{"line":272,"column":36},"end":{"line":272,"column":53}},{"start":{"line":272,"column":36},"end":{"line":272,"column":53}}],"line":272},"41":{"loc":{"start":{"line":289,"column":16},"end":{"line":295,"column":48}},"type":"if","locations":[{"start":{"line":289,"column":16},"end":{"line":295,"column":48}},{"start":{"line":289,"column":16},"end":{"line":295,"column":48}}],"line":289},"42":{"loc":{"start":{"line":291,"column":24},"end":{"line":292,"column":45}},"type":"if","locations":[{"start":{"line":291,"column":24},"end":{"line":292,"column":45}},{"start":{"line":291,"column":24},"end":{"line":292,"column":45}}],"line":291}},"s":{"0":3,"1":3,"2":3,"3":3,"4":3,"5":3,"6":3,"7":3,"8":3,"9":3,"10":3,"11":3,"12":3,"13":3,"14":3,"15":3,"16":3,"17":3,"18":3,"19":0,"20":3,"21":3,"22":3,"23":3,"24":3,"25":3,"26":1,"27":3,"28":0,"29":0,"30":0,"31":0,"32":0,"33":0,"34":0,"35":0,"36":0,"37":0,"38":0,"39":0,"40":0,"41":3,"42":2,"43":2,"44":2,"45":1,"46":1,"47":3,"48":0,"49":0,"50":0,"51":0,"52":0,"53":3,"54":6,"55":6,"56":1,"57":5,"58":5,"59":5,"60":3,"61":3,"62":3,"63":2,"64":1,"65":1,"66":1,"67":1,"68":1,"69":1,"70":0,"71":1,"72":1,"73":1,"74":1,"75":0,"76":1,"77":1,"78":1,"79":2,"80":3,"81":6,"82":6,"83":6,"84":1,"85":5,"86":5,"87":0,"88":5,"89":4,"90":4,"91":4,"92":2,"93":2,"94":2,"95":1,"96":1,"97":1,"98":1,"99":0,"100":0,"101":0,"102":2,"103":1,"104":3,"105":5,"106":5,"107":5,"108":1,"109":4,"110":4,"111":0,"112":4,"113":3,"114":3,"115":3,"116":2,"117":1,"118":1,"119":1,"120":1,"121":1,"122":3,"123":5,"124":5,"125":5,"126":1,"127":4,"128":4,"129":0,"130":4,"131":3,"132":3,"133":2,"134":2,"135":2,"136":0,"137":2,"138":1,"139":1,"140":3,"141":2,"142":2,"143":2,"144":0,"145":2,"146":2,"147":0,"148":2,"149":2,"150":2,"151":2,"152":2,"153":2,"154":0,"155":2,"156":0,"157":0,"158":3,"159":0,"160":0,"161":0,"162":0,"163":0,"164":0,"165":0,"166":0,"167":3},"f":{"0":3,"1":3,"2":1,"3":1,"4":0,"5":0,"6":0,"7":0,"8":0,"9":0,"10":2,"11":2,"12":0,"13":0,"14":6,"15":5,"16":3,"17":1,"18":1,"19":1,"20":1,"21":6,"22":5,"23":4,"24":2,"25":5,"26":4,"27":3,"28":5,"29":4,"30":3,"31":2,"32":2,"33":2,"34":2,"35":2,"36":0,"37":0,"38":0},"b":{"0":[0,3],"1":[0,0],"2":[0,0],"3":[1,1],"4":[0,0],"5":[1,5],"6":[3,2],"7":[5,3],"8":[2,1],"9":[1,1],"10":[0,1],"11":[1,0],"12":[0,1],"13":[1,5],"14":[0,5],"15":[4,1],"16":[5,4],"17":[2,2],"18":[4,3],"19":[2,0],"20":[1,1],"21":[1,0],"22":[0,0],"23":[1,4],"24":[0,4],"25":[3,1],"26":[4,3],"27":[2,1],"28":[1,1],"29":[1,4],"30":[0,4],"31":[3,1],"32":[4,3],"33":[2,1],"34":[0,2],"35":[0,2],"36":[0,2],"37":[2,0],"38":[2,2],"39":[2,0],"40":[0,2],"41":[0,0],"42":[0,0]},"_coverageSchema":"1a1c01bbd47fc00a2c39e90264f33305004495a9","hash":"392361d7e2ba51932cdee76ad5f284b03770016c"}
,"C:\\Users\\d976640\\Documents\\skillenhance_OAuth_Dep\\controllers\\dashboard.js": {"path":"C:\\Users\\d976640\\Documents\\skillenhance_OAuth_Dep\\controllers\\dashboard.js","statementMap":{"0":{"start":{"line":3,"column":18},"end":{"line":3,"column":48}},"1":{"start":{"line":4,"column":14},"end":{"line":4,"column":32}},"2":{"start":{"line":5,"column":16},"end":{"line":5,"column":34}},"3":{"start":{"line":6,"column":12},"end":{"line":6,"column":21}},"4":{"start":{"line":7,"column":19},"end":{"line":7,"column":41}},"5":{"start":{"line":8,"column":9},"end":{"line":8,"column":25}},"6":{"start":{"line":9,"column":10},"end":{"line":9,"column":128}},"7":{"start":{"line":10,"column":11},"end":{"line":10,"column":26}},"8":{"start":{"line":11,"column":11},"end":{"line":11,"column":29}},"9":{"start":{"line":12,"column":17},"end":{"line":12,"column":33}},"10":{"start":{"line":13,"column":18},"end":{"line":13,"column":25}},"11":{"start":{"line":14,"column":18},"end":{"line":14,"column":28}},"12":{"start":{"line":15,"column":0},"end":{"line":15,"column":23}},"13":{"start":{"line":16,"column":0},"end":{"line":16,"column":44}},"14":{"start":{"line":17,"column":0},"end":{"line":17,"column":33}},"15":{"start":{"line":18,"column":0},"end":{"line":18,"column":15}},"16":{"start":{"line":19,"column":0},"end":{"line":22,"column":3}},"17":{"start":{"line":20,"column":4},"end":{"line":20,"column":51}},"18":{"start":{"line":21,"column":4},"end":{"line":21,"column":11}},"19":{"start":{"line":25,"column":0},"end":{"line":256,"column":2}},"20":{"start":{"line":26,"column":4},"end":{"line":27,"column":17}},"21":{"start":{"line":27,"column":8},"end":{"line":27,"column":17}},"22":{"start":{"line":28,"column":4},"end":{"line":28,"column":19}},"23":{"start":{"line":31,"column":14},"end":{"line":31,"column":64}},"24":{"start":{"line":32,"column":4},"end":{"line":32,"column":20}},"25":{"start":{"line":35,"column":4},"end":{"line":37,"column":6}},"26":{"start":{"line":38,"column":4},"end":{"line":40,"column":6}},"27":{"start":{"line":43,"column":4},"end":{"line":53,"column":6}},"28":{"start":{"line":44,"column":8},"end":{"line":52,"column":10}},"29":{"start":{"line":45,"column":24},"end":{"line":47,"column":13}},"30":{"start":{"line":48,"column":12},"end":{"line":51,"column":14}},"31":{"start":{"line":49,"column":16},"end":{"line":49,"column":36}},"32":{"start":{"line":50,"column":16},"end":{"line":50,"column":29}},"33":{"start":{"line":56,"column":4},"end":{"line":113,"column":6}},"34":{"start":{"line":57,"column":30},"end":{"line":57,"column":66}},"35":{"start":{"line":59,"column":29},"end":{"line":59,"column":62}},"36":{"start":{"line":60,"column":24},"end":{"line":60,"column":41}},"37":{"start":{"line":61,"column":27},"end":{"line":61,"column":1030}},"38":{"start":{"line":63,"column":8},"end":{"line":112,"column":10}},"39":{"start":{"line":64,"column":12},"end":{"line":64,"column":59}},"40":{"start":{"line":64,"column":35},"end":{"line":64,"column":58}},"41":{"start":{"line":67,"column":12},"end":{"line":70,"column":25}},"42":{"start":{"line":68,"column":16},"end":{"line":68,"column":59}},"43":{"start":{"line":70,"column":16},"end":{"line":70,"column":25}},"44":{"start":{"line":72,"column":26},"end":{"line":72,"column":35}},"45":{"start":{"line":73,"column":26},"end":{"line":73,"column":35}},"46":{"start":{"line":74,"column":12},"end":{"line":111,"column":14}},"47":{"start":{"line":78,"column":16},"end":{"line":78,"column":33}},"48":{"start":{"line":78,"column":24},"end":{"line":78,"column":33}},"49":{"start":{"line":79,"column":16},"end":{"line":110,"column":18}},"50":{"start":{"line":80,"column":20},"end":{"line":83,"column":22}},"51":{"start":{"line":82,"column":24},"end":{"line":82,"column":228}},"52":{"start":{"line":82,"column":63},"end":{"line":82,"column":169}},"53":{"start":{"line":82,"column":191},"end":{"line":82,"column":226}},"54":{"start":{"line":84,"column":20},"end":{"line":84,"column":29}},"55":{"start":{"line":88,"column":20},"end":{"line":109,"column":22}},"56":{"start":{"line":89,"column":24},"end":{"line":98,"column":26}},"57":{"start":{"line":93,"column":28},"end":{"line":93,"column":45}},"58":{"start":{"line":93,"column":36},"end":{"line":93,"column":45}},"59":{"start":{"line":94,"column":28},"end":{"line":96,"column":30}},"60":{"start":{"line":95,"column":32},"end":{"line":95,"column":153}},"61":{"start":{"line":95,"column":67},"end":{"line":95,"column":102}},"62":{"start":{"line":95,"column":119},"end":{"line":95,"column":152}},"63":{"start":{"line":97,"column":28},"end":{"line":97,"column":37}},"64":{"start":{"line":103,"column":35},"end":{"line":106,"column":25}},"65":{"start":{"line":104,"column":74},"end":{"line":104,"column":94}},"66":{"start":{"line":104,"column":110},"end":{"line":104,"column":135}},"67":{"start":{"line":105,"column":70},"end":{"line":105,"column":88}},"68":{"start":{"line":105,"column":104},"end":{"line":105,"column":129}},"69":{"start":{"line":108,"column":24},"end":{"line":108,"column":37}},"70":{"start":{"line":116,"column":4},"end":{"line":146,"column":6}},"71":{"start":{"line":117,"column":30},"end":{"line":117,"column":52}},"72":{"start":{"line":118,"column":8},"end":{"line":144,"column":10}},"73":{"start":{"line":119,"column":12},"end":{"line":122,"column":14}},"74":{"start":{"line":121,"column":16},"end":{"line":121,"column":25}},"75":{"start":{"line":124,"column":12},"end":{"line":143,"column":14}},"76":{"start":{"line":125,"column":16},"end":{"line":125,"column":33}},"77":{"start":{"line":125,"column":24},"end":{"line":125,"column":33}},"78":{"start":{"line":127,"column":26},"end":{"line":130,"column":17}},"79":{"start":{"line":131,"column":16},"end":{"line":141,"column":18}},"80":{"start":{"line":132,"column":20},"end":{"line":137,"column":22}},"81":{"start":{"line":133,"column":24},"end":{"line":136,"column":47}},"82":{"start":{"line":134,"column":28},"end":{"line":134,"column":49}},"83":{"start":{"line":136,"column":28},"end":{"line":136,"column":47}},"84":{"start":{"line":138,"column":20},"end":{"line":138,"column":29}},"85":{"start":{"line":140,"column":20},"end":{"line":140,"column":33}},"86":{"start":{"line":149,"column":4},"end":{"line":162,"column":6}},"87":{"start":{"line":150,"column":21},"end":{"line":150,"column":29}},"88":{"start":{"line":151,"column":8},"end":{"line":161,"column":10}},"89":{"start":{"line":157,"column":12},"end":{"line":157,"column":29}},"90":{"start":{"line":157,"column":20},"end":{"line":157,"column":29}},"91":{"start":{"line":160,"column":12},"end":{"line":160,"column":57}},"92":{"start":{"line":165,"column":4},"end":{"line":196,"column":6}},"93":{"start":{"line":166,"column":21},"end":{"line":166,"column":29}},"94":{"start":{"line":167,"column":22},"end":{"line":167,"column":31}},"95":{"start":{"line":168,"column":8},"end":{"line":194,"column":10}},"96":{"start":{"line":169,"column":25},"end":{"line":169,"column":34}},"97":{"start":{"line":170,"column":12},"end":{"line":170,"column":21}},"98":{"start":{"line":172,"column":12},"end":{"line":193,"column":14}},"99":{"start":{"line":176,"column":16},"end":{"line":176,"column":33}},"100":{"start":{"line":176,"column":24},"end":{"line":176,"column":33}},"101":{"start":{"line":177,"column":16},"end":{"line":192,"column":18}},"102":{"start":{"line":178,"column":20},"end":{"line":181,"column":22}},"103":{"start":{"line":180,"column":24},"end":{"line":180,"column":173}},"104":{"start":{"line":180,"column":63},"end":{"line":180,"column":114}},"105":{"start":{"line":180,"column":136},"end":{"line":180,"column":171}},"106":{"start":{"line":182,"column":20},"end":{"line":182,"column":29}},"107":{"start":{"line":186,"column":31},"end":{"line":188,"column":21}},"108":{"start":{"line":187,"column":70},"end":{"line":187,"column":90}},"109":{"start":{"line":187,"column":106},"end":{"line":187,"column":131}},"110":{"start":{"line":190,"column":20},"end":{"line":190,"column":33}},"111":{"start":{"line":207,"column":4},"end":{"line":235,"column":6}},"112":{"start":{"line":208,"column":21},"end":{"line":208,"column":36}},"113":{"start":{"line":209,"column":21},"end":{"line":209,"column":36}},"114":{"start":{"line":210,"column":22},"end":{"line":210,"column":38}},"115":{"start":{"line":212,"column":8},"end":{"line":215,"column":49}},"116":{"start":{"line":213,"column":12},"end":{"line":213,"column":51}},"117":{"start":{"line":214,"column":13},"end":{"line":215,"column":49}},"118":{"start":{"line":215,"column":12},"end":{"line":215,"column":49}},"119":{"start":{"line":216,"column":8},"end":{"line":234,"column":10}},"120":{"start":{"line":220,"column":30},"end":{"line":220,"column":46}},"121":{"start":{"line":221,"column":12},"end":{"line":221,"column":29}},"122":{"start":{"line":221,"column":20},"end":{"line":221,"column":29}},"123":{"start":{"line":222,"column":12},"end":{"line":233,"column":14}},"124":{"start":{"line":223,"column":16},"end":{"line":226,"column":64}},"125":{"start":{"line":224,"column":20},"end":{"line":224,"column":64}},"126":{"start":{"line":224,"column":44},"end":{"line":224,"column":63}},"127":{"start":{"line":225,"column":21},"end":{"line":226,"column":64}},"128":{"start":{"line":226,"column":20},"end":{"line":226,"column":64}},"129":{"start":{"line":226,"column":44},"end":{"line":226,"column":63}},"130":{"start":{"line":230,"column":16},"end":{"line":230,"column":25}},"131":{"start":{"line":232,"column":16},"end":{"line":232,"column":35}},"132":{"start":{"line":238,"column":4},"end":{"line":245,"column":6}},"133":{"start":{"line":239,"column":8},"end":{"line":244,"column":10}},"134":{"start":{"line":243,"column":12},"end":{"line":243,"column":38}},"135":{"start":{"line":248,"column":4},"end":{"line":255,"column":6}},"136":{"start":{"line":249,"column":28},"end":{"line":249,"column":62}},"137":{"start":{"line":250,"column":19},"end":{"line":250,"column":21}},"138":{"start":{"line":251,"column":8},"end":{"line":254,"column":10}},"139":{"start":{"line":252,"column":12},"end":{"line":253,"column":74}},"140":{"start":{"line":253,"column":16},"end":{"line":253,"column":71}},"141":{"start":{"line":258,"column":0},"end":{"line":258,"column":20}}},"fnMap":{"0":{"name":"(anonymous_0)","decl":{"start":{"line":19,"column":8},"end":{"line":19,"column":9}},"loc":{"start":{"line":19,"column":28},"end":{"line":22,"column":1}},"line":19},"1":{"name":"(anonymous_1)","decl":{"start":{"line":25,"column":24},"end":{"line":25,"column":25}},"loc":{"start":{"line":25,"column":46},"end":{"line":256,"column":1}},"line":25},"2":{"name":"(anonymous_2)","decl":{"start":{"line":35,"column":22},"end":{"line":35,"column":23}},"loc":{"start":{"line":35,"column":33},"end":{"line":37,"column":5}},"line":35},"3":{"name":"(anonymous_3)","decl":{"start":{"line":38,"column":25},"end":{"line":38,"column":26}},"loc":{"start":{"line":38,"column":36},"end":{"line":40,"column":5}},"line":38},"4":{"name":"(anonymous_4)","decl":{"start":{"line":43,"column":26},"end":{"line":43,"column":27}},"loc":{"start":{"line":43,"column":37},"end":{"line":53,"column":5}},"line":43},"5":{"name":"(anonymous_5)","decl":{"start":{"line":44,"column":66},"end":{"line":44,"column":67}},"loc":{"start":{"line":44,"column":80},"end":{"line":52,"column":9}},"line":44},"6":{"name":"(anonymous_6)","decl":{"start":{"line":48,"column":70},"end":{"line":48,"column":71}},"loc":{"start":{"line":48,"column":84},"end":{"line":51,"column":13}},"line":48},"7":{"name":"(anonymous_7)","decl":{"start":{"line":56,"column":29},"end":{"line":56,"column":30}},"loc":{"start":{"line":56,"column":40},"end":{"line":113,"column":5}},"line":56},"8":{"name":"(anonymous_8)","decl":{"start":{"line":63,"column":20},"end":{"line":63,"column":21}},"loc":{"start":{"line":63,"column":38},"end":{"line":71,"column":9}},"line":63},"9":{"name":"(anonymous_9)","decl":{"start":{"line":64,"column":31},"end":{"line":64,"column":32}},"loc":{"start":{"line":64,"column":35},"end":{"line":64,"column":58}},"line":64},"10":{"name":"(anonymous_10)","decl":{"start":{"line":71,"column":16},"end":{"line":71,"column":17}},"loc":{"start":{"line":71,"column":20},"end":{"line":112,"column":9}},"line":71},"11":{"name":"(anonymous_11)","decl":{"start":{"line":77,"column":14},"end":{"line":77,"column":15}},"loc":{"start":{"line":77,"column":35},"end":{"line":111,"column":13}},"line":77},"12":{"name":"(anonymous_12)","decl":{"start":{"line":79,"column":28},"end":{"line":79,"column":29}},"loc":{"start":{"line":79,"column":46},"end":{"line":85,"column":17}},"line":79},"13":{"name":"(anonymous_13)","decl":{"start":{"line":80,"column":41},"end":{"line":80,"column":42}},"loc":{"start":{"line":80,"column":49},"end":{"line":83,"column":21}},"line":80},"14":{"name":"(anonymous_14)","decl":{"start":{"line":82,"column":48},"end":{"line":82,"column":49}},"loc":{"start":{"line":82,"column":62},"end":{"line":82,"column":170}},"line":82},"15":{"name":"(anonymous_15)","decl":{"start":{"line":82,"column":176},"end":{"line":82,"column":177}},"loc":{"start":{"line":82,"column":190},"end":{"line":82,"column":227}},"line":82},"16":{"name":"(anonymous_16)","decl":{"start":{"line":85,"column":24},"end":{"line":85,"column":25}},"loc":{"start":{"line":85,"column":28},"end":{"line":110,"column":17}},"line":85},"17":{"name":"(anonymous_17)","decl":{"start":{"line":88,"column":32},"end":{"line":88,"column":33}},"loc":{"start":{"line":88,"column":50},"end":{"line":100,"column":21}},"line":88},"18":{"name":"(anonymous_18)","decl":{"start":{"line":92,"column":26},"end":{"line":92,"column":27}},"loc":{"start":{"line":92,"column":47},"end":{"line":98,"column":25}},"line":92},"19":{"name":"(anonymous_19)","decl":{"start":{"line":94,"column":49},"end":{"line":94,"column":50}},"loc":{"start":{"line":94,"column":55},"end":{"line":96,"column":29}},"line":94},"20":{"name
[...]
"25":{"start":{"line":49,"column":16},"end":{"line":49,"column":31}},"26":{"start":{"line":54,"column":8},"end":{"line":54,"column":34}},"27":{"start":{"line":55,"column":8},"end":{"line":55,"column":36}},"28":{"start":{"line":58,"column":8},"end":{"line":73,"column":10}},"29":{"start":{"line":61,"column":28},"end":{"line":61,"column":54}},"30":{"start":{"line":63,"column":12},"end":{"line":72,"column":14}},"31":{"start":{"line":64,"column":16},"end":{"line":71,"column":17}},"32":{"start":{"line":66,"column":20},"end":{"line":66,"column":39}},"33":{"start":{"line":70,"column":20},"end":{"line":70,"column":44}},"34":{"start":{"line":77,"column":8},"end":{"line":116,"column":10}},"35":{"start":{"line":79,"column":22},"end":{"line":79,"column":39}},"36":{"start":{"line":81,"column":23},"end":{"line":81,"column":32}},"37":{"start":{"line":82,"column":23},"end":{"line":82,"column":40}},"38":{"start":{"line":83,"column":22},"end":{"line":83,"column":36}},"39":{"start":{"line":84,"column":22},"end":{"line":84,"column":37}},"40":{"start":{"line":86,"column":12},"end":{"line":115,"column":14}},"41":{"start":{"line":88,"column":16},"end":{"line":114,"column":17}},"42":{"start":{"line":90,"column":32},"end":{"line":104,"column":21}},"43":{"start":{"line":106,"column":20},"end":{"line":110,"column":22}},"44":{"start":{"line":107,"column":24},"end":{"line":107,"column":41}},"45":{"start":{"line":107,"column":32},"end":{"line":107,"column":41}},"46":{"start":{"line":108,"column":24},"end":{"line":108,"column":70}},"47":{"start":{"line":109,"column":24},"end":{"line":109,"column":37}},"48":{"start":{"line":113,"column":20},"end":{"line":113,"column":55}},"49":{"start":{"line":119,"column":8},"end":{"line":149,"column":10}},"50":{"start":{"line":122,"column":28},"end":{"line":122,"column":54}},"51":{"start":{"line":126,"column":23},"end":{"line":126,"column":38}},"52":{"start":{"line":127,"column":23},"end":{"line":127,"column":42}},"53":{"start":{"line":128,"column":12},"end":{"line":147,"column":14}},"54":{"start":{"line":129,"column":16},"end":{"line":146,"column":45}},"55":{"start":{"line":130,"column":20},"end":{"line":144,"column":22}},"56":{"start":{"line":131,"column":24},"end":{"line":143,"column":25}},"57":{"start":{"line":133,"column":40},"end":{"line":137,"column":29}},"58":{"start":{"line":138,"column":28},"end":{"line":141,"column":30}},"59":{"start":{"line":139,"column":32},"end":{"line":139,"column":65}},"60":{"start":{"line":146,"column":21},"end":{"line":146,"column":45}},"61":{"start":{"line":153,"column":8},"end":{"line":167,"column":10}},"62":{"start":{"line":154,"column":28},"end":{"line":154,"column":54}},"63":{"start":{"line":156,"column":12},"end":{"line":166,"column":14}},"64":{"start":{"line":158,"column":16},"end":{"line":165,"column":45}},"65":{"start":{"line":160,"column":30},"end":{"line":160,"column":39}},"66":{"start":{"line":161,"column":20},"end":{"line":163,"column":22}},"67":{"start":{"line":162,"column":24},"end":{"line":162,"column":65}},"68":{"start":{"line":165,"column":21},"end":{"line":165,"column":45}},"69":{"start":{"line":171,"column":8},"end":{"line":186,"column":10}},"70":{"start":{"line":172,"column":28},"end":{"line":172,"column":54}},"71":{"start":{"line":174,"column":12},"end":{"line":184,"column":14}},"72":{"start":{"line":175,"column":16},"end":{"line":183,"column":45}},"73":{"start":{"line":176,"column":20},"end":{"line":181,"column":22}},"74":{"start":{"line":177,"column":24},"end":{"line":180,"column":76}},"75":{"start":{"line":178,"column":28},"end":{"line":178,"column":44}},"76":{"start":{"line":180,"column":28},"end":{"line":180,"column":76}},"77":{"start":{"line":183,"column":21},"end":{"line":183,"column":45}},"78":{"start":{"line":190,"column":8},"end":{"line":207,"column":10}},"79":{"start":{"line":191,"column":28},"end":{"line":191,"column":54}},"80":{"start":{"line":193,"column":12},"end":{"line":204,"column":14}},"81":{"start":{"line":194,"column":16},"end":{"line":203,"column":45}},"82":{"start":{"line":196,"column":20},"end":{"line":201,"column":22}},"83":{"start":{"line":197,"column":24},"end":{"line":200,"column":76}},"84":{"start":{"line":198,"column":28},"end":{"line":198,"column":44}},"85":{"start":{"line":199,"column":29},"end":{"line":200,"column":76}},"86":{"start":{"line":200,"column":28},"end":{"line":200,"column":76}},"87":{"start":{"line":203,"column":21},"end":{"line":203,"column":45}},"88":{"start":{"line":210,"column":8},"end":{"line":224,"column":10}},"89":{"start":{"line":211,"column":28},"end":{"line":211,"column":54}},"90":{"start":{"line":213,"column":12},"end":{"line":221,"column":14}},"91":{"start":{"line":214,"column":16},"end":{"line":219,"column":48}},"92":{"start":{"line":215,"column":20},"end":{"line":217,"column":22}},"93":{"start":{"line":216,"column":24},"end":{"line":216,"column":63}},"94":{"start":{"line":219,"column":21},"end":{"line":219,"column":48}},"95":{"start":{"line":227,"column":8},"end":{"line":240,"column":10}},"96":{"start":{"line":228,"column":28},"end":{"line":228,"column":54}},"97":{"start":{"line":230,"column":12},"end":{"line":238,"column":14}},"98":{"start":{"line":231,"column":16},"end":{"line":236,"column":48}},"99":{"start":{"line":232,"column":20},"end":{"line":234,"column":22}},"100":{"start":{"line":233,"column":24},"end":{"line":233,"column":63}},"101":{"start":{"line":236,"column":21},"end":{"line":236,"column":48}},"102":{"start":{"line":243,"column":8},"end":{"line":254,"column":10}},"103":{"start":{"line":244,"column":28},"end":{"line":244,"column":54}},"104":{"start":{"line":245,"column":12},"end":{"line":252,"column":14}},"105":{"start":{"line":246,"column":16},"end":{"line":251,"column":48}},"106":{"start":{"line":247,"column":20},"end":{"line":249,"column":22}},"107":{"start":{"line":248,"column":24},"end":{"line":248,"column":63}},"108":{"start":{"line":251,"column":21},"end":{"line":251,"column":48}},"109":{"start":{"line":258,"column":8},"end":{"line":272,"column":10}},"110":{"start":{"line":259,"column":28},"end":{"line":259,"column":54}},"111":{"start":{"line":260,"column":12},"end":{"line":270,"column":14}},"112":{"start":{"line":261,"column":16},"end":{"line":269,"column":45}},"113":{"start":{"line":262,"column":20},"end":{"line":267,"column":22}},"114":{"start":{"line":263,"column":24},"end":{"line":266,"column":78}},"115":{"start":{"line":264,"column":28},"end":{"line":264,"column":44}},"116":{"start":{"line":266,"column":28},"end":{"line":266,"column":78}},"117":{"start":{"line":269,"column":21},"end":{"line":269,"column":45}},"118":{"start":{"line":274,"column":8},"end":{"line":282,"column":10}},"119":{"start":{"line":275,"column":12},"end":{"line":281,"column":14}},"120":{"start":{"line":276,"column":16},"end":{"line":276,"column":33}},"121":{"start":{"line":276,"column":24},"end":{"line":276,"column":33}},"122":{"start":{"line":277,"column":16},"end":{"line":280,"column":51}},"123":{"start":{"line":278,"column":20},"end":{"line":278,"column":36}},"124":{"start":{"line":280,"column":20},"end":{"line":280,"column":51}},"125":{"start":{"line":287,"column":0},"end":{"line":287,"column":20}}},"fnMap":{"0":{"name":"(anonymous_0)","decl":{"start":{"line":32,"column":24},"end":{"line":32,"column":25}},"loc":{"start":{"line":32,"column":34},"end":{"line":285,"column":1}},"line":32},"1":{"name":"(anonymous_1)","decl":{"start":{"line":40,"column":47},"end":{"line":40,"column":48}},"loc":{"start":{"line":40,"column":61},"end":{"line":284,"column":5}},"line":40},"2":{"name":"cleanup","decl":{"start":{"line":46,"column":17},"end":{"line":46,"column":24}},"loc":{"start":{"line":46,"column":26},"end":{"line":52,"column":9}},"line":46},"3":{"name":"(anonymous_3)","decl":{"start":{"line":47,"column":105},"end":{"line":47,"column":106}},"loc":{"start":{"line":47,"column":119},"end":{"line":51,"column":13}},"line":47},"4":{"name":"(anonymous_4)","decl":{"start":{"line":58,"column":45},"end":{"line":58,"column":46}},"loc":{"start":{"line":58,"column":62},"end":{"line":73,"column":9}},"line":58},"5":{"name":"(anonymous_5)","decl":{"start":{"line":63,"column":65},"end":{"line":63,"column":66}},"loc":{"start":{"line":63,"column":79},"end":{"line":72,"column":13}},"line":63},"6":{"name":"(anonymous_6)","decl":{"start":{"line":77,"column":32},"end":{"line":77,"column":33}},"loc":{"start":{"line":77,"column":43},"end":{"line":116,"column":9}},"line":77},"7":{"name":"(anonymous_7)","decl":{"start":{"line":86,"column":65},"end":{"line":86,"column":66}},"loc":{"start":{"line":86,"column":79},"end":{"line":115,"column":13}},"line":86},"8":{"name":"(anonymous_8)","decl":{"start":{"line":106,"column":60},"end":{"line":106,"column":61}},"loc":{"start":{"line":106,"column":74},"end":{"line":110,"column":21}},"line":106},"9":{"name":"(anonymous_9)","decl":{"start":{"line":119,"column":61},"end":{"line":119,"column":62}},"loc":{"start":{"line":119,"column":72},"end":{"line":149,"column":9}},"line":119},"10":{"name":"(anonymous_10)","decl":{"start":{"line":128,"column":65},"end":{"line":128,"column":66}},"loc":{"start":{"line":128,"column":79},"end":{"line":147,"column":13}},"line":128},"11":{"name":"(anonymous_11)","decl":{"start":{"line":130,"column":73},"end":{"line":130,"column":74}},"loc":{"start":{"line":130,"column":87},"end":{"line":144,"column":21}},"line":130},"12":{"name":"(anonymous_12)","decl":{"start":{"line":138,"column":98},"end":{"line":138,"column":99}},"loc":{"start":{"line":138,"column":112},"end":{"line":141,"column":29}},"line":138},"13":{"name":"(anonymous_13)","decl":{"start":{"line":153,"column":57},"end":{"line":153,"column":58}},"loc":{"start":{"line":153,"column":68},"end":{"line":167,"column":9}},"line":153},"14":{"name":"(anonymous_14)","decl":{"start":{"line":156,"column":65},"end":{"line":156,"column":66}},"loc":{"start":{"line":156,"column":79},"end":{"line":166,"column":13}},"line":156},"15":{"name":"(anonymous_15)","decl":{"start":{"line":161,"column":69},"end":{"line":161,"column":70}},"loc":{"start":{"line":161,"column":83},"end":{"line":163,"column":21}},"line":161},"16":{"name":"(anonymous_16)","decl":{"start":{"line":171,"column":45},"end":{"line":171,"column":46}},"loc":{"start":{"line":171,"column":56},"end":{"line":186,"column":9}},"line":171},"17":{"name":"(anonymous_17)","decl":{"start":{"line":174,"column":63},"end":{"line":174,"column":64}},"loc":{"start":{"line":174,"column":77},"end":{"line":184,"column":13}},"line":174},"18":{"name":"(anonymous_18)","decl":{"start":{"line":176,"column":107},"end":{"line":176,"column":108}},"loc":{"start":{"line":176,"column":121},"end":{"line":181,"column":21}},"line":176},"19":{"name":"(anonymous_19)","decl":{"start":{"line":190,"column":44},"end":{"line":190,"column":45}},"loc":{"start":{"line":190,"column":55},"end":{"line":207,"column":9}},"line":190},"20":{"name":"(anonymous_20)","decl":{"start":{"line":193,"column":63},"end":{"line":193,"column":64}},"loc":{"start":{"line":193,"column":77},"end":{"line":204,"column":13}},"line":193},"21":{"name":"(anonymous_21)","decl":{"start":{"line":196,"column":80},"end":{"line":196,"column":81}},"loc":{"start":{"line":196,"column":94},"end":{"line":201,"column":21}},"line":196},"22":{"name":"(anonymous_22)","decl":{"start":{"line":210,"column":50},"end":{"line":210,"column":51}},"loc":{"start":{"line":210,"column":61},"end":{"line":224,"column":9}},"line":210},"23":{"name":"(anonymous_23)","decl":{"start":{"line":213,"column":63},"end":{"line":213,"column":64}},"loc":{"start":{"line":213,"column":77},"end":{"line":221,"column":13}},"line":213},"24":{"name":"(anonymous_24)","decl":{"start":{"line":215,"column":107},"end":{"line":215,"column":108}},"loc":{"start":{"line":215,"column":121},"end":{"line":217,"column":21}},"line":215},"25":{"name":"(anonymous_25)","decl":{"start":{"line":227,"column":49},"end":{"line":227,"column":50}},"loc":{"start":{"line":227,"column":60},"end":{"line":240,"column":9}},"line":227},"26":{"name":"(anonymous_26)","decl":{"start":{"line":230,"column":65},"end":{"line":230,"column":66}},"loc":{"start":{"line":230,"column":79},"end":{"line":238,"column":13}},"line":230},"27":{"name":"(anonymous_27)","decl":{"start":{"line":232,"column":80},"end":{"line":232,"column":81}},"loc":{"start":{"line":232,"column":94},"end":{"line":234,"column":21}},"line":232},"28":{"name":"(anonymous_28)","decl":{"start":{"line":243,"column":48},"end":{"line":243,"column":49}},"loc":{"start":{"line":243,"column":59},"end":{"line":254,"column":9}},"line":243},"29":{"name":"(anonymous_29)","decl":{"start":{"line":245,"column":65},"end":{"line":245,"column":66}},"loc":{"start":{"line":245,"column":79},"end":{"line":252,"column":13}},"line":245},"30":{"name":"(anonymous_30)","decl":{"start":{"line":247,"column":107},"end":{"line":247,"column":108}},"loc":{"start":{"line":247,"column":121},"end":{"line":249,"column":21}},"line":247},"31":{"name":"(anonymous_31)","decl":{"start":{"line":258,"column":43},"end":{"line":258,"column":44}},"loc":{"start":{"line":258,"column":54},"end":{"line":272,"column":9}},"line":258},"32":{"name":"(anonymous_32)","decl":{"start":{"line":260,"column":65},"end":{"line":260,"column":66}},"loc":{"start":{"line":260,"column":79},"end":{"line":270,"column":13}},"line":260},"33":{"name":"(anonymous_33)","decl":{"start":{"line":262,"column":107},"end":{"line":262,"column":108}},"loc":{"start":{"line":262,"column":121},"end":{"line":267,"column":21}},"line":262},"34":{"name":"(anonymous_34)","decl":{"start":{"line":274,"column":26},"end":{"line":274,"column":27}},"loc":{"start":{"line":274,"column":37},"end":{"line":282,"column":9}},"line":274},"35":{"name":"(anonymous_35)","decl":{"start":{"line":275,"column":51},"end":{"line":275,"column":52}},"loc":{"start":{"line":275,"column":65},"end":{"line":281,"column":13}},"line":275}},"branchMap":{"0":{"loc":{"start":{"line":33,"column":4},"end":{"line":33,"column":20}},"type":"if","locations":[{"start":{"line":33,"column":4},"end":{"line":33,"column":20}},{"start":{"line":33,"column":4},"end":{"line":33,"column":20}}],"line":33},"1":{"loc":{"start":{"line":64,"column":16},"end":{"line":71,"column":17}},"type":"if","locations":[{"start":{"line":64,"column":16},"end":{"line":71,"column":17}},{"start":{"line":64,"column":16},"end":{"line":71,"column":17}}],"line":64},"2":{"loc":{"start":{"line":88,"column":16},"end":{"line":114,"column":17}},"type":"if","locations":[{"start":{"line":88,"column":16},"end":{"line":114,"column":17}},{"start":{"line":88,"column":16},"end":{"line":114,"column":17}}],"line":88},"3":{"loc":{"start":{"line":107,"column":24},"end":{"line":107,"column":41}},"type":"if","locations":[{"start":{"line":107,"column":24},"end":{"line":107,"column":41}},{"start":{"line":107,"column":24},"end":{"line":107,"column":41}}],"line":107},"4":{"loc":{"start":{"line":129,"column":16},"end":{"line":146,"column":45}},"type":"if","locations":[{"start":{"line":129,"column":16},"end":{"line":146,"column":45}},{"start":{"line":129,"column":16},"end":{"line":146,"column":45}}],"line":129},"5":{"loc":{"start":{"line":131,"column":24},"end":{"line":143,"column":25}},"type":"if","locations":[{"start":{"line":131,"column":24},"end":{"line":143,"column":25}},{"start":{"line":131,"column":24},"end":{"line":143,"column":25}}],"line":131},"6":{"loc":{"start":{"line":158,"column":16},"end":{"line":165,"column":45}},"type":"if","locations":[{"start":{"line":158,"column":16},"end":{"line":165,"column":45}},{"start":{"line":158,"column":16},"end":{"line":165,"column":45}}],"line":158},"7":{"loc":{"start":{"line":175,"column":16},"end":{"line":183,"column":45}},"type":"if","locations":[{"start":{"line":175,"column":16},"end":{"line":183,"column":45}},{"start":{"line":175,"column":16},"end":{"line":183,"column":45}}],"line":175},"8":{"loc":{"start":{"line":177,"column":24},"end":{"line":180,"column":76}},"type":"if","locations":[{"start":{"line":177,"column":24},"end":{"line":180,"column":76}},{"start":{"line":177,"column":24},"end":{"line":180,"column":76}}],"line":177},"9":{"loc":{"start":{"line":194,"column":16},"end":{"line":203,"column":45}},"type":"if","locations":[{"start":{"line":194,"column":16},"end":{"line":203,"column":45}},{"start":{"line":194,"column":16},"end":{"line":203,"column":45}}],"line":194},"10":{"loc":{"start":{"line":197,"column":24},"end":{"line":200,"column":76}},"type":"if","locations":[{"start":{"line":197,"column":24},"end":{"line":200,"column":76}},{"start":{"line":197,"column":24},"end":{"line":200,"column":76}}],"line":197},"11":{"loc":{"start":{"line":199,"column":29},"end":{"line":200,"column":76}},"type":"if","locations":[{"start":{"line":199,"column":29},"end":{"line":200,"column":76}},{"start":{"line":199,"column":29},"end":{"line":200,"column":76}}],"line":199},"12":{"loc":{"start":{"line":214,"column":16},"end":{"line":219,"column":48}},"type":"if","locations":[{"start":{"line":214,"column":16},"end":{"line":219,"column":48}},{"start":{"line":214,"column":16},"end":{"line":219,"column":48}}],"line":214},"13":{"loc":{"start":{"line":231,"column":16},"end":{"line":236,"column":48}},"type":"if","locations":[{"start":{"line":231,"column":16},"end":{"line":236,"column":48}},{"start":{"line":231,"column":16},"end":{"line":236,"column":48}}],"line":231},"14":{"loc":{"start":{"line":246,"column":16},"end":{"line":251,"column":48}},"type":"if","locations":[{"start":{"line":246,"column":16},"end":{"line":251,"column":48}},{"start":{"line":246,"column":16},"end":{"line":251,"column":48}}],"line":246},"15":{"loc":{"start":{"line":261,"column":16},"end":{"line":269,"column":45}},"type":"if","locations":[{"start":{"line":261,"column":16},"end":{"line":269,"column":45}},{"start":{"line":261,"column":16},"end":{"line":269,"column":45}}],"line":261},"16":{"loc":{"start":{"line":263,"column":24},"end":{"line":266,"column":78}},"type":"if","locations":[{"start":{"line":263,"column":24},"end":{"line":266,"column":78}},{"start":{"line":263,"column":24},"end":{"line":266,"column":78}}],"line":263},"17":{"loc":{"start":{"line":276,"column":16},"end":{"line":276,"column":33}},"type":"if","locations":[{"start":{"line":276,"column":16},"end":{"line":276,"column":33}},{"start":{"line":276,"column":16},"end":{"line":276,"column":33}}],"line":276},"18":{"loc":{"start":{"line":277,"column":16},"end":{"line":280,"column":51}},"type":"if","locations":[{"start":{"line":277,"column":16},"end":{"line":280,"column":51}},{"start":{"line":277,"column":16},"end":{"line":280,"column":51}}],"line":277}},"s":{"0":1,"1":1,"2":1,"3":1,"4":1,"5":1,"6":1,"7":1,"8":1,"9":1,"10":1,"11":1,"12":1,"13":1,"14":1,"15":1,"16":1,"17":1,"18":1,"19":0,"20":1,"21":1,"22":1,"23":1,"24":0,"25":0,"26":1,"27":1,"28":1,"29":2,"30":2,"31":2,"32":0,"33":2,"34":1,"35":0,"36":0,"37":0,"38":0,"39":0,"40":0,"41":0,"42":0,"43":0,"44":0,"45":0,"46":0,"47":0,"48":0,"49":1,"50":2,"51":2,"52":2,"53":2,"54":2,"55":1,"56":1,"57":1,"58":1,"59":1,"60":1,"61":1,"62":1,"63":1,"64":1,"65":1,"66":1,"67":1,"68":0,"69":1,"70":2,"71":2,"72":2,"73":1,"74":1,"75":1,"76":0,"77":1,"78":1,"79":2,"80":2,"81":2,"82":1,"83":1,"84":0,"85":1,"86":1,"87":1,"88":1,"89":2,"90":2,"91":2,"92":1,"93":1,"94":1,"95":1,"96":2,"97":2,"98":2,"99":1,"100":1,"101":1,"102":1,"103":2,"104":2,"105":2,"106":1,"107":1,"108":1,"109":1,"110":2,"111":2,"112":2,"113":1,"114":1,"115":1,"116":0,"117":1,"118":1,"119":1,"120":1,"121":0,"122":1,"123":1,"124":0,"125":1},"f":{"0":1,"1":1,"2":0,"3":0,"4":2,"5":2,"6":0,"7":0,"8":0,"9":2,"10":2,"11":1,"12":1,"13":1,"14":1,"15":1,"16":2,"17":2,"18":1,"19":2,"20":2,"21":1,"22":2,"23":2,"24":1,"25":2,"26":2,"27":1,"28":2,"29":2,"30":1,"31":2,"32":2,"33":1,"34":1,"35":1},"b":{"0":[0,1],"1":[0,2],"2":[0,0],"3":[0,0],"4":[1,1],"5":[1,0],"6":[1,0],"7":[1,1],"8":[1,0],"9":[1,1],"10":[0,1],"11":[1,0],"12":[1,1],"13":[1,1],"14":[1,1],"15":[1,1],"16":[1,0],"17":[0,1],"18":[1,0]},"_coverageSchema":"1a1c01bbd47fc00a2c39e90264f33305004495a9","hash":"1244b60c0296f2f08f0db97216a7effafc9ae099"}
}
