TN:
SF:controllers\answers.js
FN:26,(anonymous_0)
FN:39,(anonymous_1)
FN:47,cleanup
FN:48,(anonymous_3)
FN:60,(anonymous_4)
FN:61,(anonymous_5)
FN:68,(anonymous_6)
FN:71,(anonymous_7)
FN:75,(anonymous_8)
FN:92,(anonymous_9)
FN:102,(anonymous_10)
FN:109,(anonymous_11)
FN:116,(anonymous_12)
FN:126,(anonymous_13)
FN:131,(anonymous_14)
FN:142,(anonymous_15)
FN:150,(anonymous_16)
FN:183,(anonymous_17)
FN:193,(anonymous_18)
FN:198,(anonymous_19)
FN:204,(anonymous_20)
FN:219,(anonymous_21)
FN:251,(anonymous_22)
FN:260,(anonymous_23)
FN:268,(anonymous_24)
FN:273,(anonymous_25)
FN:282,(anonymous_26)
FN:310,(anonymous_27)
FN:321,(anonymous_28)
FN:335,(anonymous_29)
FN:346,(anonymous_30)
FN:360,(anonymous_31)
FN:371,(anonymous_32)
FNF:33
FNH:29
FNDA:3,(anonymous_0)
FNDA:3,(anonymous_1)
FNDA:0,cleanup
FNDA:0,(anonymous_3)
FNDA:0,(anonymous_4)
FNDA:0,(anonymous_5)
FNDA:2,(anonymous_6)
FNDA:2,(anonymous_7)
FNDA:1,(anonymous_8)
FNDA:8,(anonymous_9)
FNDA:7,(anonymous_10)
FNDA:6,(anonymous_11)
FNDA:5,(anonymous_12)
FNDA:1,(anonymous_13)
FNDA:1,(anonymous_14)
FNDA:1,(anonymous_15)
FNDA:1,(anonymous_16)
FNDA:9,(anonymous_17)
FNDA:8,(anonymous_18)
FNDA:7,(anonymous_19)
FNDA:6,(anonymous_20)
FNDA:1,(anonymous_21)
FNDA:7,(anonymous_22)
FNDA:6,(anonymous_23)
FNDA:5,(anonymous_24)
FNDA:3,(anonymous_25)
FNDA:1,(anonymous_26)
FNDA:5,(anonymous_27)
FNDA:5,(anonymous_28)
FNDA:5,(anonymous_29)
FNDA:5,(anonymous_30)
FNDA:2,(anonymous_31)
FNDA:2,(anonymous_32)
DA:1,3
DA:2,3
DA:3,3
DA:4,3
DA:5,3
DA:6,3
DA:7,3
DA:13,3
DA:16,3
DA:17,3
DA:18,3
DA:19,3
DA:22,3
DA:24,3
DA:26,3
DA:27,3
DA:28,3
DA:32,3
DA:33,3
DA:39,3
DA:41,3
DA:42,3
DA:48,0
DA:60,3
DA:61,0
DA:62,0
DA:63,0
DA:68,3
DA:69,2
DA:71,2
DA:72,2
DA:73,2
DA:74,1
DA:75,1
DA:76,1
DA:79,1
DA:80,1
DA:86,1
DA:92,3
DA:93,8
DA:94,8
DA:97,8
DA:98,1
DA:102,7
DA:103,7
DA:105,6
DA:106,6
DA:109,6
DA:110,6
DA:111,6
DA:112,5
DA:113,5
DA:116,5
DA:117,5
DA:119,5
DA:120,3
DA:121,1
DA:124,2
DA:126,1
DA:127,1
DA:131,1
DA:132,1
DA:134,1
DA:143,1
DA:148,1
DA:151,1
DA:156,1
DA:163,2
DA:170,1
DA:176,1
DA:183,3
DA:184,9
DA:185,9
DA:188,9
DA:189,1
DA:193,8
DA:194,8
DA:196,7
DA:198,7
DA:199,7
DA:200,7
DA:202,6
DA:204,6
DA:205,6
DA:208,6
DA:210,4
DA:211,1
DA:213,3
DA:214,1
DA:217,2
DA:219,1
DA:220,1
DA:222,1
DA:226,1
DA:230,2
DA:237,1
DA:243,1
DA:251,3
DA:252,7
DA:253,7
DA:256,7
DA:257,1
DA:260,6
DA:263,6
DA:265,5
DA:268,5
DA:269,5
DA:270,5
DA:273,3
DA:274,3
DA:275,2
DA:278,2
DA:279,1
DA:282,1
DA:283,1
DA:285,1
DA:291,1
DA:297,2
DA:303,1
DA:310,3
DA:311,5
DA:312,5
DA:314,5
DA:322,5
DA:323,0
DA:325,5
DA:326,1
DA:329,4
DA:335,3
DA:336,5
DA:337,5
DA:338,5
DA:340,5
DA:347,5
DA:348,0
DA:350,5
DA:351,2
DA:354,3
DA:360,3
DA:361,2
DA:362,2
DA:363,2
DA:365,2
DA:372,2
DA:373,0
DA:375,2
DA:376,2
DA:379,0
DA:388,3
LF:149
LH:141
BRDA:27,0,0,0
BRDA:27,0,1,3
BRDA:62,1,0,0
BRDA:62,1,1,0
BRDA:72,2,0,0
BRDA:72,2,1,2
BRDA:73,3,0,1
BRDA:73,3,1,1
BRDA:76,4,0,0
BRDA:76,4,1,1
BRDA:97,5,0,1
BRDA:97,5,1,7
BRDA:103,6,0,6
BRDA:103,6,1,1
BRDA:103,7,0,7
BRDA:103,7,1,6
BRDA:110,8,0,0
BRDA:110,8,1,6
BRDA:111,9,0,5
BRDA:111,9,1,1
BRDA:117,10,0,0
BRDA:117,10,1,5
BRDA:119,11,0,3
BRDA:119,11,1,2
BRDA:119,12,0,5
BRDA:119,12,1,4
BRDA:120,13,0,1
BRDA:120,13,1,2
BRDA:124,14,0,1
BRDA:124,14,1,1
BRDA:127,15,0,0
BRDA:127,15,1,1
BRDA:132,16,0,1
BRDA:132,16,1,0
BRDA:143,17,0,0
BRDA:143,17,1,1
BRDA:188,18,0,1
BRDA:188,18,1,8
BRDA:194,19,0,7
BRDA:194,19,1,1
BRDA:194,20,0,8
BRDA:194,20,1,7
BRDA:199,21,0,0
BRDA:199,21,1,7
BRDA:200,22,0,6
BRDA:200,22,1,1
BRDA:205,23,0,0
BRDA:205,23,1,6
BRDA:208,24,0,4
BRDA:208,24,1,2
BRDA:208,25,0,6
BRDA:208,25,1,5
BRDA:210,26,0,1
BRDA:210,26,1,3
BRDA:213,27,0,1
BRDA:213,27,1,2
BRDA:217,28,0,1
BRDA:217,28,1,1
BRDA:220,29,0,0
BRDA:220,29,1,1
BRDA:256,30,0,1
BRDA:256,30,1,6
BRDA:263,31,0,5
BRDA:263,31,1,1
BRDA:263,32,0,6
BRDA:263,32,1,5
BRDA:269,33,0,0
BRDA:269,33,1,5
BRDA:270,34,0,3
BRDA:270,34,1,2
BRDA:270,35,0,5
BRDA:270,35,1,4
BRDA:274,36,0,2
BRDA:274,36,1,1
BRDA:278,37,0,1
BRDA:278,37,1,1
BRDA:283,38,0,0
BRDA:283,38,1,1
BRDA:322,39,0,0
BRDA:322,39,1,5
BRDA:325,40,0,1
BRDA:325,40,1,4
BRDA:347,41,0,0
BRDA:347,41,1,5
BRDA:350,42,0,2
BRDA:350,42,1,3
BRDA:372,43,0,0
BRDA:372,43,1,2
BRDA:375,44,0,2
BRDA:375,44,1,0
BRF:90
BRH:71
end_of_record
TN:
SF:controllers\authorize.js
FN:5,get_token
FN:10,validate_user
FN:17,(anonymous_2)
FN:21,(anonymous_3)
FNF:4
FNH:1
FNDA:0,get_token
FNDA:63,validate_user
FNDA:0,(anonymous_2)
FNDA:0,(anonymous_3)
DA:1,10
DA:2,10
DA:5,10
DA:6,0
DA:10,10
DA:13,63
DA:14,63
DA:17,0
DA:18,0
DA:22,0
DA:23,0
DA:24,0
DA:27,0
DA:28,0
DA:29,0
DA:33,0
DA:34,0
DA:35,0
LF:18
LH:6
BRDA:13,0,0,63
BRDA:13,0,1,0
BRDA:22,1,0,0
BRDA:22,1,1,0
BRDA:24,2,0,0
BRDA:24,2,1,0
BRF:6
BRH:1
end_of_record
TN:
SF:controllers\comments.js
FN:30,(anonymous_0)
FN:33,(anonymous_1)
FN:42,cleanup
FN:43,(anonymous_3)
FN:55,(anonymous_4)
FN:60,(anonymous_5)
FN:67,run
FN:68,(anonymous_7)
FN:69,(anonymous_8)
FN:76,(anonymous_9)
FN:86,(anonymous_10)
FN:88,(anonymous_11)
FN:95,(anonymous_12)
FN:98,(anonymous_13)
FN:105,(anonymous_14)
FN:112,(anonymous_15)
FN:115,(anonymous_16)
FN:131,(anonymous_17)
FN:136,(anonymous_18)
FN:147,(anonymous_19)
FN:154,(anonymous_20)
FN:169,(anonymous_21)
FN:176,(anonymous_22)
FN:180,(anonymous_23)
FN:182,(anonymous_24)
FN:205,(anonymous_25)
FN:212,(anonymous_26)
FN:216,(anonymous_27)
FN:233,(anonymous_28)
FN:239,(anonymous_29)
FN:242,(anonymous_30)
FN:245,(anonymous_31)
FN:259,(anonymous_32)
FN:265,(anonymous_33)
FN:268,(anonymous_34)
FN:271,(anonymous_35)
FN:285,(anonymous_36)
FN:288,(anonymous_37)
FN:290,(anonymous_38)
FNF:39
FNH:28
FNDA:3,(anonymous_0)
FNDA:3,(anonymous_1)
FNDA:1,cleanup
FNDA:1,(anonymous_3)
FNDA:0,(anonymous_4)
FNDA:0,(anonymous_5)
FNDA:0,run
FNDA:0,(anonymous_7)
FNDA:0,(anonymous_8)
FNDA:0,(anonymous_9)
FNDA:2,(anonymous_10)
FNDA:2,(anonymous_11)
FNDA:0,(anonymous_12)
FNDA:0,(anonymous_13)
FNDA:6,(anonymous_14)
FNDA:5,(anonymous_15)
FNDA:3,(anonymous_16)
FNDA:1,(anonymous_17)
FNDA:1,(anonymous_18)
FNDA:1,(anonymous_19)
FNDA:1,(anonymous_20)
FNDA:6,(anonymous_21)
FNDA:5,(anonymous_22)
FNDA:4,(anonymous_23)
FNDA:2,(anonymous_24)
FNDA:5,(anonymous_25)
FNDA:4,(anonymous_26)
FNDA:3,(anonymous_27)
FNDA:5,(anonymous_28)
FNDA:4,(anonymous_29)
FNDA:3,(anonymous_30)
FNDA:2,(anonymous_31)
FNDA:2,(anonymous_32)
FNDA:2,(anonymous_33)
FNDA:2,(anonymous_34)
FNDA:2,(anonymous_35)
FNDA:0,(anonymous_36)
FNDA:0,(anonymous_37)
FNDA:0,(anonymous_38)
DA:1,3
DA:2,3
DA:3,3
DA:4,3
DA:5,3
DA:6,3
DA:7,3
DA:10,3
DA:11,3
DA:12,3
DA:13,3
DA:14,3
DA:15,3
DA:18,3
DA:22,3
DA:23,3
DA:24,3
DA:30,3
DA:31,3
DA:32,3
DA:33,3
DA:34,3
DA:35,3
DA:38,3
DA:39,3
DA:43,1
DA:55,3
DA:56,0
DA:60,0
DA:62,0
DA:63,0
DA:64,0
DA:68,0
DA:69,0
DA:70,0
DA:71,0
DA:72,0
DA:73,0
DA:76,0
DA:77,0
DA:86,3
DA:87,2
DA:88,2
DA:89,2
DA:90,1
DA:95,3
DA:96,0
DA:98,0
DA:99,0
DA:100,0
DA:105,3
DA:108,6
DA:109,6
DA:111,5
DA:112,5
DA:113,5
DA:114,3
DA:115,3
DA:116,3
DA:117,2
DA:119,1
DA:129,1
DA:130,1
DA:131,1
DA:132,1
DA:136,1
DA:137,1
DA:139,1
DA:148,1
DA:152,1
DA:155,1
DA:160,1
DA:163,2
DA:169,3
DA:172,6
DA:173,6
DA:174,6
DA:176,5
DA:177,5
DA:178,5
DA:179,4
DA:180,4
DA:181,4
DA:182,2
DA:183,2
DA:184,2
DA:186,1
DA:187,1
DA:188,1
DA:189,0
DA:190,0
DA:193,0
DA:196,2
DA:199,1
DA:205,3
DA:208,5
DA:209,5
DA:210,5
DA:212,4
DA:213,4
DA:214,4
DA:215,3
DA:216,3
DA:217,3
DA:218,2
DA:219,1
DA:220,1
DA:222,1
DA:224,1
DA:227,1
DA:233,3
DA:235,5
DA:236,5
DA:237,5
DA:239,4
DA:240,4
DA:241,4
DA:242,3
DA:243,3
DA:244,2
DA:245,2
DA:246,2
DA:247,2
DA:250,1
DA:253,1
DA:259,3
DA:261,2
DA:262,2
DA:263,2
DA:265,2
DA:266,2
DA:267,2
DA:268,2
DA:269,2
DA:270,2
DA:271,2
DA:272,2
DA:273,2
DA:276,0
DA:279,0
DA:285,3
DA:286,0
DA:288,0
DA:289,0
DA:290,0
DA:291,0
DA:292,0
DA:295,0
DA:301,3
LF:149
LH:120
BRDA:31,0,0,0
BRDA:31,0,1,3
BRDA:70,1,0,0
BRDA:70,1,1,0
BRDA:72,2,0,0
BRDA:72,2,1,0
BRDA:89,3,0,1
BRDA:89,3,1,1
BRDA:99,4,0,0
BRDA:99,4,1,0
BRDA:109,5,0,1
BRDA:109,5,1,5
BRDA:113,6,0,3
BRDA:113,6,1,2
BRDA:113,7,0,5
BRDA:113,7,1,3
BRDA:116,8,0,2
BRDA:116,8,1,1
BRDA:117,9,0,1
BRDA:117,9,1,1
BRDA:132,10,0,0
BRDA:132,10,1,1
BRDA:137,11,0,1
BRDA:137,11,1,0
BRDA:148,12,0,0
BRDA:148,12,1,1
BRDA:174,13,0,1
BRDA:174,13,1,5
BRDA:177,14,0,0
BRDA:177,14,1,5
BRDA:178,15,0,4
BRDA:178,15,1,1
BRDA:178,16,0,5
BRDA:178,16,1,4
BRDA:181,17,0,2
BRDA:181,17,1,2
BRDA:181,18,0,4
BRDA:181,18,1,3
BRDA:183,19,0,2
BRDA:183,19,1,0
BRDA:184,20,0,1
BRDA:184,20,1,1
BRDA:187,21,0,1
BRDA:187,21,1,0
BRDA:189,22,0,0
BRDA:189,22,1,0
BRDA:210,23,0,1
BRDA:210,23,1,4
BRDA:213,24,0,0
BRDA:213,24,1,4
BRDA:214,25,0,3
BRDA:214,25,1,1
BRDA:214,26,0,4
BRDA:214,26,1,3
BRDA:217,27,0,2
BRDA:217,27,1,1
BRDA:218,28,0,1
BRDA:218,28,1,1
BRDA:237,29,0,1
BRDA:237,29,1,4
BRDA:240,30,0,0
BRDA:240,30,1,4
BRDA:241,31,0,3
BRDA:241,31,1,1
BRDA:241,32,0,4
BRDA:241,32,1,3
BRDA:243,33,0,2
BRDA:243,33,1,1
BRDA:246,34,0,0
BRDA:246,34,1,2
BRDA:263,35,0,0
BRDA:263,35,1,2
BRDA:266,36,0,0
BRDA:266,36,1,2
BRDA:267,37,0,2
BRDA:267,37,1,0
BRDA:267,38,0,2
BRDA:267,38,1,2
BRDA:269,39,0,2
BRDA:269,39,1,0
BRDA:272,40,0,0
BRDA:272,40,1,2
BRDA:289,41,0,0
BRDA:289,41,1,0
BRDA:291,42,0,0
BRDA:291,42,1,0
BRF:86
BRH:59
end_of_record
TN:
SF:controllers\dashboard.js
FN:19,(anonymous_0)
FN:25,(anonymous_1)
FN:35,(anonymous_2)
FN:38,(anonymous_3)
FN:43,(anonymous_4)
FN:44,(anonymous_5)
FN:48,(anonymous_6)
FN:56,(anonymous_7)
FN:63,(anonymous_8)
FN:64,(anonymous_9)
FN:71,(anonymous_10)
FN:77,(anonymous_11)
FN:79,(anonymous_12)
FN:80,(anonymous_13)
FN:82,(anonymous_14)
FN:82,(anonymous_15)
FN:85,(anonymous_16)
FN:88,(anonymous_17)
FN:92,(anonymous_18)
FN:94,(anonymous_19)
FN:95,(anonymous_20)
FN:95,(anonymous_21)
FN:100,(anonymous_22)
FN:104,(anonymous_23)
FN:104,(anonymous_24)
FN:105,(anonymous_25)
FN:105,(anonymous_26)
FN:116,(anonymous_27)
FN:118,(anonymous_28)
FN:119,(anonymous_29)
FN:123,(anonymous_30)
FN:124,(anonymous_31)
FN:131,(anonymous_32)
FN:132,(anonymous_33)
FN:139,(anonymous_34)
FN:149,(anonymous_35)
FN:156,(anonymous_36)
FN:165,(anonymous_37)
FN:168,(anonymous_38)
FN:171,(anonymous_39)
FN:175,(anonymous_40)
FN:177,(anonymous_41)
FN:178,(anonymous_42)
FN:180,(anonymous_43)
FN:180,(anonymous_44)
FN:183,(anonymous_45)
FN:187,(anonymous_46)
FN:187,(anonymous_47)
FN:207,(anonymous_48)
FN:219,(anonymous_49)
FN:222,(anonymous_50)
FN:224,(anonymous_51)
FN:226,(anonymous_52)
FN:231,(anonymous_53)
FN:238,(anonymous_54)
FN:242,(anonymous_55)
FN:248,(anonymous_56)
FN:251,(anonymous_57)
FN:252,(anonymous_58)
FNF:59
FNH:39
FNDA:10,(anonymous_0)
FNDA:1,(anonymous_1)
FNDA:0,(anonymous_2)
FNDA:0,(anonymous_3)
FNDA:0,(anonymous_4)
FNDA:0,(anonymous_5)
FNDA:0,(anonymous_6)
FNDA:1,(anonymous_7)
FNDA:1,(anonymous_8)
FNDA:127,(anonymous_9)
FNDA:1,(anonymous_10)
FNDA:1,(anonymous_11)
FNDA:1,(anonymous_12)
FNDA:1,(anonymous_13)
FNDA:72,(anonymous_14)
FNDA:1,(anonymous_15)
FNDA:1,(anonymous_16)
FNDA:1,(anonymous_17)
FNDA:1,(anonymous_18)
FNDA:1,(anonymous_19)
FNDA:29,(anonymous_20)
FNDA:0,(anonymous_21)
FNDA:1,(anonymous_22)
FNDA:1,(anonymous_23)
FNDA:0,(anonymous_24)
FNDA:0,(anonymous_25)
FNDA:0,(anonymous_26)
FNDA:1,(anonymous_27)
FNDA:1,(anonymous_28)
FNDA:1,(anonymous_29)
FNDA:1,(anonymous_30)
FNDA:1,(anonymous_31)
FNDA:1,(anonymous_32)
FNDA:1,(anonymous_33)
FNDA:1,(anonymous_34)
FNDA:1,(anonymous_35)
FNDA:1,(anonymous_36)
FNDA:0,(anonymous_37)
FNDA:0,(anonymous_38)
FNDA:0,(anonymous_39)
FNDA:0,(anonymous_40)
FNDA:0,(anonymous_41)
FNDA:0,(anonymous_42)
FNDA:0,(anonymous_43)
FNDA:0,(anonymous_44)
FNDA:0,(anonymous_45)
FNDA:0,(anonymous_46)
FNDA:0,(anonymous_47)
FNDA:4,(anonymous_48)
FNDA:4,(anonymous_49)
FNDA:4,(anonymous_50)
FNDA:173,(anonymous_51)
FNDA:508,(anonymous_52)
FNDA:4,(anonymous_53)
FNDA:1,(anonymous_54)
FNDA:1,(anonymous_55)
FNDA:1,(anonymous_56)
FNDA:1,(anonymous_57)
FNDA:15,(anonymous_58)
DA:3,1
DA:4,1
DA:5,1
DA:6,1
DA:7,1
DA:8,1
DA:9,1
DA:10,1
DA:11,1
DA:12,1
DA:13,1
DA:14,1
DA:15,1
DA:16,1
DA:17,1
DA:18,1
DA:19,1
DA:20,10
DA:21,10
DA:25,1
DA:26,1
DA:27,0
DA:28,1
DA:31,1
DA:32,1
DA:35,1
DA:38,1
DA:43,1
DA:44,0
DA:45,0
DA:48,0
DA:49,0
DA:50,0
DA:56,1
DA:57,1
DA:59,1
DA:60,1
DA:61,1
DA:63,1
DA:64,127
DA:67,1
DA:68,0
DA:70,1
DA:72,1
DA:73,1
DA:74,1
DA:78,1
DA:79,1
DA:80,1
DA:82,72
DA:84,1
DA:88,1
DA:89,1
DA:93,1
DA:94,1
DA:95,29
DA:97,1
DA:103,1
DA:104,1
DA:105,0
DA:108,1
DA:116,1
DA:117,1
DA:118,1
DA:119,1
DA:121,1
DA:124,1
DA:125,1
DA:127,1
DA:131,1
DA:132,1
DA:133,1
DA:134,1
DA:136,0
DA:138,1
DA:140,1
DA:149,1
DA:150,1
DA:151,1
DA:157,1
DA:160,1
DA:165,1
DA:166,0
DA:167,0
DA:168,0
DA:169,0
DA:170,0
DA:172,0
DA:176,0
DA:177,0
DA:178,0
DA:180,0
DA:182,0
DA:186,0
DA:187,0
DA:190,0
DA:207,1
DA:208,4
DA:209,4
DA:210,4
DA:212,4
DA:213,3
DA:214,1
DA:215,1
DA:216,4
DA:220,4
DA:221,4
DA:222,4
DA:223,4
DA:224,173
DA:225,3
DA:226,508
DA:230,4
DA:232,4
DA:238,1
DA:239,1
DA:243,1
DA:248,1
DA:249,1
DA:250,1
DA:251,1
DA:252,1
DA:253,15
DA:258,1
LF:124
LH:101
BRDA:26,0,0,0
BRDA:26,0,1,1
BRDA:67,1,0,0
BRDA:67,1,1,1
BRDA:78,2,0,0
BRDA:78,2,1,1
BRDA:82,3,0,72
BRDA:82,3,1,71
BRDA:93,4,0,0
BRDA:93,4,1,1
BRDA:125,5,0,0
BRDA:125,5,1,1
BRDA:133,6,0,1
BRDA:133,6,1,0
BRDA:157,7,0,0
BRDA:157,7,1,1
BRDA:176,8,0,0
BRDA:176,8,1,0
BRDA:212,9,0,3
BRDA:212,9,1,1
BRDA:214,10,0,1
BRDA:214,10,1,0
BRDA:221,11,0,0
BRDA:221,11,1,4
BRDA:223,12,0,1
BRDA:223,12,1,3
BRDA:225,13,0,3
BRDA:225,13,1,0
BRF:28
BRH:16
end_of_record
TN:
SF:controllers\notifications.js
FN:32,(anonymous_0)
FN:39,(anonymous_1)
FN:51,cleanup
FN:52,(anonymous_3)
FN:64,(anonymous_4)
FN:76,(anonymous_5)
FN:82,(anonymous_6)
FN:101,(anonymous_7)
FN:113,(anonymous_8)
FN:119,(anonymous_9)
FN:123,(anonymous_10)
FN:145,(anonymous_11)
FN:156,(anonymous_12)
FN:162,(anonymous_13)
FN:179,(anonymous_14)
FN:195,(anonymous_15)
FN:201,(anonymous_16)
FNF:17
FNH:17
FNDA:1,(anonymous_0)
FNDA:1,(anonymous_1)
FNDA:1,cleanup
FNDA:1,(anonymous_3)
FNDA:5,(anonymous_4)
FNDA:4,(anonymous_5)
FNDA:2,(anonymous_6)
FNDA:3,(anonymous_7)
FNDA:3,(anonymous_8)
FNDA:2,(anonymous_9)
FNDA:1,(anonymous_10)
FNDA:2,(anonymous_11)
FNDA:2,(anonymous_12)
FNDA:1,(anonymous_13)
FNDA:3,(anonymous_14)
FNDA:2,(anonymous_15)
FNDA:1,(anonymous_16)
DA:4,1
DA:5,1
DA:6,1
DA:7,1
DA:8,1
DA:9,1
DA:10,1
DA:20,1
DA:23,1
DA:24,1
DA:25,1
DA:26,1
DA:27,1
DA:30,1
DA:32,1
DA:33,1
DA:34,1
DA:39,1
DA:41,1
DA:42,1
DA:44,1
DA:45,1
DA:52,1
DA:64,1
DA:65,5
DA:67,5
DA:68,5
DA:69,4
DA:72,5
DA:73,1
DA:76,4
DA:78,4
DA:79,2
DA:82,2
DA:83,2
DA:84,0
DA:85,2
DA:86,1
DA:88,1
DA:93,2
DA:101,1
DA:102,3
DA:103,3
DA:105,3
DA:106,3
DA:107,2
DA:109,3
DA:110,0
DA:113,3
DA:115,3
DA:116,2
DA:119,2
DA:120,2
DA:121,0
DA:122,2
DA:123,1
DA:124,1
DA:125,0
DA:127,1
DA:131,1
DA:137,1
DA:145,1
DA:146,2
DA:148,2
DA:149,2
DA:150,1
DA:152,2
DA:153,0
DA:156,2
DA:158,2
DA:159,1
DA:162,1
DA:163,1
DA:164,0
DA:165,1
DA:166,1
DA:171,1
DA:179,1
DA:180,3
DA:181,3
DA:182,3
DA:184,3
DA:185,3
DA:186,3
DA:189,3
DA:190,3
DA:191,3
DA:192,1
DA:195,2
DA:197,2
DA:198,1
DA:199,1
DA:201,1
DA:202,1
DA:203,0
DA:204,1
DA:205,1
DA:206,1
DA:211,1
DA:221,1
LF:100
LH:93
BRDA:33,0,0,0
BRDA:33,0,1,1
BRDA:68,1,0,4
BRDA:68,1,1,1
BRDA:72,2,0,1
BRDA:72,2,1,4
BRDA:72,3,0,5
BRDA:72,3,1,4
BRDA:78,4,0,2
BRDA:78,4,1,2
BRDA:78,5,0,4
BRDA:78,5,1,3
BRDA:78,5,2,3
BRDA:83,6,0,0
BRDA:83,6,1,2
BRDA:85,7,0,1
BRDA:85,7,1,1
BRDA:106,8,0,2
BRDA:106,8,1,1
BRDA:109,9,0,0
BRDA:109,9,1,3
BRDA:109,10,0,3
BRDA:109,10,1,3
BRDA:115,11,0,2
BRDA:115,11,1,1
BRDA:115,12,0,3
BRDA:115,12,1,3
BRDA:115,12,2,3
BRDA:120,13,0,0
BRDA:120,13,1,2
BRDA:122,14,0,1
BRDA:122,14,1,1
BRDA:122,15,0,2
BRDA:122,15,1,1
BRDA:124,16,0,0
BRDA:124,16,1,1
BRDA:149,17,0,1
BRDA:149,17,1,1
BRDA:152,18,0,0
BRDA:152,18,1,2
BRDA:152,19,0,2
BRDA:152,19,1,2
BRDA:158,20,0,1
BRDA:158,20,1,1
BRDA:158,21,0,2
BRDA:158,21,1,2
BRDA:158,21,2,2
BRDA:163,22,0,0
BRDA:163,22,1,1
BRDA:185,23,0,3
BRDA:185,23,1,0
BRDA:191,24,0,1
BRDA:191,24,1,2
BRDA:191,25,0,3
BRDA:191,25,1,2
BRDA:197,26,0,1
BRDA:197,26,1,1
BRDA:197,27,0,2
BRDA:197,27,1,1
BRDA:202,28,0,0
BRDA:202,28,1,1
BRF:61
BRH:52
end_of_record
TN:
SF:controllers\pauthorize.js
FN:4,(anonymous_0)
FN:21,(anonymous_1)
FN:33,(anonymous_2)
FN:45,(anonymous_3)
FN:57,(anonymous_4)
FNF:5
FNH:1
FNDA:7,(anonymous_0)
FNDA:0,(anonymous_1)
FNDA:0,(anonymous_2)
FNDA:0,(anonymous_3)
FNDA:0,(anonymous_4)
DA:1,1
DA:3,1
DA:6,7
DA:7,7
DA:8,7
DA:10,5
DA:14,2
DA:15,2
DA:16,2
DA:18,2
DA:19,0
DA:21,0
DA:24,0
DA:26,0
DA:27,0
DA:30,0
DA:35,0
DA:38,0
DA:39,0
DA:40,0
DA:42,0
DA:43,0
DA:45,0
DA:47,0
DA:49,0
DA:51,0
DA:52,0
DA:59,0
LF:28
LH:10
BRDA:8,0,0,5
BRDA:8,0,1,2
BRDA:8,1,0,7
BRDA:8,1,1,4
BRDA:8,1,2,4
BRDA:14,2,0,2
BRDA:14,2,1,0
BRDA:18,3,0,2
BRDA:18,3,1,0
BRDA:21,4,0,0
BRDA:21,4,1,0
BRDA:24,5,0,0
BRDA:24,5,1,0
BRDA:24,6,0,0
BRDA:24,6,1,0
BRDA:27,7,0,0
BRDA:27,7,1,0
BRDA:38,8,0,0
BRDA:38,8,1,0
BRDA:42,9,0,0
BRDA:42,9,1,0
BRDA:45,10,0,0
BRDA:45,10,1,0
BRDA:47,11,0,0
BRDA:47,11,1,0
BRDA:51,12,0,0
BRDA:51,12,1,0
BRF:27
BRH:7
end_of_record
TN:
SF:controllers\questions.js
FN:30,(anonymous_0)
FN:43,(anonymous_1)
FN:50,cleanup
FN:51,(anonymous_3)
FN:63,(anonymous_4)
FN:69,(anonymous_5)
FN:74,(anonymous_6)
FN:94,(anonymous_7)
FN:97,(anonymous_8)
FN:105,(anonymous_9)
FN:119,(anonymous_10)
FN:142,(anonymous_11)
FN:161,(anonymous_12)
FN:173,(anonymous_13)
FN:183,(anonymous_14)
FN:238,(anonymous_15)
FN:246,(anonymous_16)
FN:257,(anonymous_17)
FN:265,(anonymous_18)
FN:298,(anonymous_19)
FN:309,(anonymous_20)
FN:319,(anonymous_21)
FN:347,(anonymous_22)
FN:355,(anonymous_23)
FN:366,(anonymous_24)
FN:374,(anonymous_25)
FN:401,(anonymous_26)
FN:411,(anonymous_27)
FN:419,(anonymous_28)
FN:426,(anonymous_29)
FN:431,(anonymous_30)
FN:434,(anonymous_31)
FN:435,(anonymous_32)
FN:437,(anonymous_33)
FN:438,(anonymous_34)
FN:439,(anonymous_35)
FN:442,(anonymous_36)
FN:451,(anonymous_37)
FN:457,(anonymous_38)
FN:462,(anonymous_39)
FN:493,(anonymous_40)
FN:505,(anonymous_41)
FN:513,(anonymous_42)
FN:548,(anonymous_43)
FN:554,(anonymous_44)
FN:557,(anonymous_45)
FN:558,(anonymous_46)
FN:560,(anonymous_47)
FN:561,(anonymous_48)
FN:562,(anonymous_49)
FN:565,(anonymous_50)
FN:574,(anonymous_51)
FN:580,(anonymous_52)
FN:586,(anonymous_53)
FN:620,(anonymous_54)
FN:625,(anonymous_55)
FN:627,(anonymous_56)
FN:640,(anonymous_57)
FN:651,(anonymous_58)
FN:661,(anonymous_59)
FN:683,(anonymous_60)
FN:701,(anonymous_61)
FN:736,(anonymous_62)
FN:744,(anonymous_63)
FN:751,(anonymous_64)
FN:760,(anonymous_65)
FN:765,(anonymous_66)
FN:768,(anonymous_67)
FN:769,(anonymous_68)
FN:771,(anonymous_69)
FN:772,(anonymous_70)
FN:773,(anonymous_71)
FN:779,(anonymous_72)
FN:788,(anonymous_73)
FN:794,(anonymous_74)
FN:800,(anonymous_75)
FN:831,(anonymous_76)
FN:839,(anonymous_77)
FN:846,(anonymous_78)
FN:855,(anonymous_79)
FN:860,(anonymous_80)
FN:863,(anonymous_81)
FN:864,(anonymous_82)
FN:866,(anonymous_83)
FN:867,(anonymous_84)
FN:868,(anonymous_85)
FN:871,(anonymous_86)
FN:880,(anonymous_87)
FN:886,(anonymous_88)
FN:892,(anonymous_89)
FNF:90
FNH:85
FNDA:3,(anonymous_0)
FNDA:3,(anonymous_1)
FNDA:2,cleanup
FNDA:2,(anonymous_3)
FNDA:2,(anonymous_4)
FNDA:2,(anonymous_5)
FNDA:1,(anonymous_6)
FNDA:0,(anonymous_7)
FNDA:0,(anonymous_8)
FNDA:3,(anonymous_9)
FNDA:2,(anonymous_10)
FNDA:1,(anonymous_11)
FNDA:3,(anonymous_12)
FNDA:2,(anonymous_13)
FNDA:2,(anonymous_14)
FNDA:2,(anonymous_15)
FNDA:2,(anonymous_16)
FNDA:2,(anonymous_17)
FNDA:2,(anonymous_18)
FNDA:2,(anonymous_19)
FNDA:2,(anonymous_20)
FNDA:2,(anonymous_21)
FNDA:2,(anonymous_22)
FNDA:2,(anonymous_23)
FNDA:2,(anonymous_24)
FNDA:2,(anonymous_25)
FNDA:5,(anonymous_26)
FNDA:4,(anonymous_27)
FNDA:3,(anonymous_28)
FNDA:1,(anonymous_29)
FNDA:1,(anonymous_30)
FNDA:1,(anonymous_31)
FNDA:1,(anonymous_32)
FNDA:1,(anonymous_33)
FNDA:1,(anonymous_34)
FNDA:1,(anonymous_35)
FNDA:1,(anonymous_36)
FNDA:1,(anonymous_37)
FNDA:1,(anonymous_38)
FNDA:1,(anonymous_39)
FNDA:6,(anonymous_40)
FNDA:5,(anonymous_41)
FNDA:4,(anonymous_42)
FNDA:1,(anonymous_43)
FNDA:1,(anonymous_44)
FNDA:1,(anonymous_45)
FNDA:1,(anonymous_46)
FNDA:1,(anonymous_47)
FNDA:1,(anonymous_48)
FNDA:1,(anonymous_49)
FNDA:1,(anonymous_50)
FNDA:1,(anonymous_51)
FNDA:1,(anonymous_52)
FNDA:1,(anonymous_53)
FNDA:0,(anonymous_54)
FNDA:0,(anonymous_55)
FNDA:0,(anonymous_56)
FNDA:1,(anonymous_57)
FNDA:1,(anonymous_58)
FNDA:1,(anonymous_59)
FNDA:1,(anonymous_60)
FNDA:1,(anonymous_61)
FNDA:5,(anonymous_62)
FNDA:4,(anonymous_63)
FNDA:4,(anonymous_64)
FNDA:1,(anonymous_65)
FNDA:1,(anonymous_66)
FNDA:1,(anonymous_67)
FNDA:1,(anonymous_68)
FNDA:1,(anonymous_69)
FNDA:1,(anonymous_70)
FNDA:1,(anonymous_71)
FNDA:1,(anonymous_72)
FNDA:1,(anonymous_73)
FNDA:1,(anonymous_74)
FNDA:1,(anonymous_75)
FNDA:5,(anonymous_76)
FNDA:4,(anonymous_77)
FNDA:4,(anonymous_78)
FNDA:1,(anonymous_79)
FNDA:1,(anonymous_80)
FNDA:1,(anonymous_81)
FNDA:1,(anonymous_82)
FNDA:1,(anonymous_83)
FNDA:1,(anonymous_84)
FNDA:1,(anonymous_85)
FNDA:1,(anonymous_86)
FNDA:1,(anonymous_87)
FNDA:1,(anonymous_88)
FNDA:1,(anonymous_89)
DA:1,3
DA:2,3
DA:3,3
DA:4,3
DA:5,3
DA:6,3
DA:7,3
DA:9,3
DA:16,3
DA:19,3
DA:20,3
DA:21,3
DA:22,3
DA:26,3
DA:27,3
DA:30,3
DA:31,3
DA:32,3
DA:36,3
DA:37,3
DA:43,3
DA:45,3
DA:46,3
DA:51,2
DA:63,3
DA:64,2
DA:69,2
DA:71,2
DA:73,1
DA:74,1
DA:75,1
DA:78,1
DA:79,1
DA:85,1
DA:94,3
DA:97,0
DA:99,0
DA:105,3
DA:107,3
DA:108,3
DA:114,3
DA:115,1
DA:119,2
DA:120,2
DA:124,2
DA:126,1
DA:140,1
DA:142,1
DA:143,1
DA:146,1
DA:153,1
DA:161,3
DA:163,3
DA:164,3
DA:165,3
DA:169,3
DA:170,1
DA:173,2
DA:174,2
DA:177,2
DA:179,2
DA:180,2
DA:183,2
DA:184,2
DA:185,2
DA:186,2
DA:189,2
DA:190,2
DA:191,2
DA:192,2
DA:195,0
DA:196,0
DA:198,0
DA:200,0
DA:201,0
DA:202,0
DA:204,0
DA:205,0
DA:206,0
DA:209,0
DA:211,0
DA:213,0
DA:214,0
DA:215,0
DA:217,0
DA:218,0
DA:219,0
DA:224,2
DA:225,2
DA:227,2
DA:231,2
DA:238,2
DA:239,2
DA:246,2
DA:247,2
DA:249,2
DA:258,2
DA:263,2
DA:266,2
DA:267,2
DA:269,0
DA:270,0
DA:280,0
DA:286,0
DA:298,3
DA:300,2
DA:301,2
DA:302,2
DA:305,2
DA:306,0
DA:309,2
DA:310,2
DA:313,2
DA:315,2
DA:316,2
DA:319,2
DA:320,2
DA:321,2
DA:323,2
DA:326,2
DA:331,2
DA:332,1
DA:338,1
DA:339,1
DA:347,2
DA:348,2
DA:355,2
DA:356,2
DA:358,2
DA:367,2
DA:372,2
DA:375,2
DA:376,2
DA:378,0
DA:379,0
DA:387,0
DA:393,0
DA:401,3
DA:403,5
DA:404,5
DA:407,5
DA:408,1
DA:411,4
DA:414,4
DA:416,3
DA:419,3
DA:422,3
DA:423,1
DA:426,1
DA:427,1
DA:431,1
DA:432,1
DA:434,1
DA:435,1
DA:436,1
DA:438,1
DA:439,1
DA:440,1
DA:442,1
DA:443,1
DA:452,1
DA:456,1
DA:461,1
DA:463,1
DA:464,1
DA:466,0
DA:467,0
DA:479,2
DA:485,1
DA:493,3
DA:496,6
DA:497,6
DA:498,6
DA:501,6
DA:502,1
DA:505,5
DA:508,5
DA:510,4
DA:513,4
DA:516,4
DA:517,2
DA:518,1
DA:521,1
DA:523,1
DA:526,1
DA:527,1
DA:528,1
DA:530,1
DA:531,1
DA:539,0
DA:540,0
DA:548,1
DA:549,1
DA:554,1
DA:556,1
DA:557,1
DA:558,1
DA:559,1
DA:561,1
DA:562,1
DA:563,1
DA:565,1
DA:566,1
DA:575,1
DA:579,1
DA:584,1
DA:587,1
DA:588,1
DA:590,0
DA:591,0
DA:604,2
DA:610,1
DA:620,3
DA:623,0
DA:625,0
DA:626,0
DA:627,0
DA:628,0
DA:630,0
DA:633,0
DA:640,3
DA:641,1
DA:642,1
DA:643,1
DA:647,1
DA:648,0
DA:651,1
DA:653,1
DA:655,1
DA:657,1
DA:659,1
DA:661,1
DA:662,1
DA:663,1
DA:665,1
DA:667,1
DA:669,1
DA:681,1
DA:683,1
DA:684,1
DA:691,1
DA:693,1
DA:702,1
DA:704,1
DA:710,0
DA:715,0
DA:720,0
DA:726,0
DA:736,3
DA:737,5
DA:738,5
DA:740,5
DA:741,1
DA:744,4
DA:746,4
DA:748,4
DA:751,4
DA:753,4
DA:754,2
DA:755,1
DA:758,1
DA:760,1
DA:761,1
DA:765,1
DA:767,1
DA:768,1
DA:769,1
DA:770,1
DA:772,1
DA:773,1
DA:776,1
DA:777,1
DA:779,1
DA:780,1
DA:789,1
DA:793,1
DA:798,1
DA:802,1
DA:816,2
DA:822,0
DA:831,3
DA:832,5
DA:833,5
DA:835,5
DA:836,1
DA:839,4
DA:841,4
DA:843,4
DA:846,4
DA:848,4
DA:849,2
DA:850,1
DA:853,1
DA:855,1
DA:856,1
DA:860,1
DA:862,1
DA:863,1
DA:864,1
DA:865,1
DA:867,1
DA:868,1
DA:870,1
DA:871,1
DA:872,1
DA:881,1
DA:885,1
DA:890,1
DA:894,1
DA:908,2
DA:914,0
DA:927,3
LF:312
LH:264
BRDA:31,0,0,0
BRDA:31,0,1,3
BRDA:71,1,0,1
BRDA:71,1,1,1
BRDA:75,2,0,0
BRDA:75,2,1,1
BRDA:114,3,0,1
BRDA:114,3,1,2
BRDA:114,4,0,3
BRDA:114,4,1,2
BRDA:120,5,0,0
BRDA:120,5,1,2
BRDA:124,6,0,1
BRDA:124,6,1,1
BRDA:124,7,0,2
BRDA:124,7,1,1
BRDA:143,8,0,0
BRDA:143,8,1,1
BRDA:169,9,0,1
BRDA:169,9,1,2
BRDA:169,10,0,3
BRDA:169,10,1,2
BRDA:174,11,0,0
BRDA:174,11,1,2
BRDA:177,12,0,2
BRDA:177,12,1,0
BRDA:177,13,0,2
BRDA:177,13,1,2
BRDA:184,14,0,2
BRDA:184,14,1,0
BRDA:190,15,0,2
BRDA:190,15,1,0
BRDA:191,16,0,1
BRDA:191,16,1,1
BRDA:196,17,0,0
BRDA:196,17,1,0
BRDA:198,18,0,0
BRDA:198,18,1,0
BRDA:204,19,0,0
BRDA:204,19,1,0
BRDA:209,20,0,0
BRDA:209,20,1,0
BRDA:211,21,0,0
BRDA:211,21,1,0
BRDA:217,22,0,0
BRDA:217,22,1,0
BRDA:224,23,0,2
BRDA:224,23,1,0
BRDA:239,24,0,0
BRDA:239,24,1,2
BRDA:247,25,0,2
BRDA:247,25,1,0
BRDA:258,26,0,0
BRDA:258,26,1,2
BRDA:266,27,0,2
BRDA:266,27,1,0
BRDA:269,28,0,0
BRDA:269,28,1,0
BRDA:305,29,0,0
BRDA:305,29,1,2
BRDA:305,30,0,2
BRDA:305,30,1,2
BRDA:310,31,0,0
BRDA:310,31,1,2
BRDA:313,32,0,2
BRDA:313,32,1,0
BRDA:313,33,0,2
BRDA:313,33,1,2
BRDA:320,34,0,2
BRDA:320,34,1,0
BRDA:331,35,0,1
BRDA:331,35,1,1
BRDA:338,36,0,1
BRDA:338,36,1,0
BRDA:348,37,0,0
BRDA:348,37,1,2
BRDA:356,38,0,2
BRDA:356,38,1,0
BRDA:367,39,0,0
BRDA:367,39,1,2
BRDA:375,40,0,2
BRDA:375,40,1,0
BRDA:378,41,0,0
BRDA:378,41,1,0
BRDA:407,42,0,1
BRDA:407,42,1,4
BRDA:407,43,0,5
BRDA:407,43,1,4
BRDA:414,44,0,3
BRDA:414,44,1,1
BRDA:414,45,0,4
BRDA:414,45,1,3
BRDA:422,46,0,1
BRDA:422,46,1,2
BRDA:422,47,0,3
BRDA:422,47,1,2
BRDA:427,48,0,0
BRDA:427,48,1,1
BRDA:440,49,0,1
BRDA:440,49,1,0
BRDA:452,50,0,0
BRDA:452,50,1,1
BRDA:463,51,0,1
BRDA:463,51,1,0
BRDA:466,52,0,0
BRDA:466,52,1,0
BRDA:501,53,0,1
BRDA:501,53,1,5
BRDA:501,54,0,6
BRDA:501,54,1,5
BRDA:508,55,0,4
BRDA:508,55,1,1
BRDA:508,56,0,5
BRDA:508,56,1,4
BRDA:516,57,0,2
BRDA:516,57,1,2
BRDA:516,58,0,4
BRDA:516,58,1,3
BRDA:517,59,0,1
BRDA:517,59,1,1
BRDA:526,60,0,1
BRDA:526,60,1,0
BRDA:527,61,0,0
BRDA:527,61,1,1
BRDA:528,62,0,1
BRDA:528,62,1,0
BRDA:530,63,0,1
BRDA:530,63,1,0
BRDA:539,64,0,0
BRDA:539,64,1,0
BRDA:549,65,0,0
BRDA:549,65,1,1
BRDA:563,66,0,1
BRDA:563,66,1,0
BRDA:575,67,0,0
BRDA:575,67,1,1
BRDA:587,68,0,1
BRDA:587,68,1,0
BRDA:590,69,0,0
BRDA:590,69,1,0
BRDA:626,70,0,0
BRDA:626,70,1,0
BRDA:628,71,0,0
BRDA:628,71,1,0
BRDA:647,72,0,0
BRDA:647,72,1,1
BRDA:647,73,0,1
BRDA:647,73,1,1
BRDA:653,74,0,0
BRDA:653,74,1,1
BRDA:655,75,0,1
BRDA:655,75,1,0
BRDA:655,76,0,1
BRDA:655,76,1,1
BRDA:662,77,0,0
BRDA:662,77,1,1
BRDA:663,78,0,1
BRDA:663,78,1,0
BRDA:665,79,0,1
BRDA:665,79,1,0
BRDA:684,80,0,0
BRDA:684,80,1,1
BRDA:691,81,0,1
BRDA:691,81,1,0
BRDA:702,82,0,0
BRDA:702,82,1,1
BRDA:740,83,0,1
BRDA:740,83,1,4
BRDA:740,84,0,5
BRDA:740,84,1,4
BRDA:746,85,0,4
BRDA:746,85,1,0
BRDA:746,86,0,4
BRDA:746,86,1,4
BRDA:753,87,0,2
BRDA:753,87,1,2
BRDA:753,88,0,4
BRDA:753,88,1,3
BRDA:754,89,0,1
BRDA:754,89,1,1
BRDA:761,90,0,0
BRDA:761,90,1,1
BRDA:777,91,0,1
BRDA:777,91,1,0
BRDA:789,92,0,0
BRDA:789,92,1,1
BRDA:835,93,0,1
BRDA:835,93,1,4
BRDA:835,94,0,5
BRDA:835,94,1,4
BRDA:841,95,0,4
BRDA:841,95,1,0
BRDA:841,96,0,4
BRDA:841,96,1,4
BRDA:848,97,0,2
BRDA:848,97,1,2
BRDA:848,98,0,4
BRDA:848,98,1,3
BRDA:849,99,0,1
BRDA:849,99,1,1
BRDA:856,100,0,0
BRDA:856,100,1,1
BRDA:870,101,0,1
BRDA:870,101,1,0
BRDA:881,102,0,0
BRDA:881,102,1,1
BRF:206
BRH:129
end_of_record
TN:
SF:controllers\users.js
FN:32,(anonymous_0)
FN:40,(anonymous_1)
FN:46,cleanup
FN:47,(anonymous_3)
FN:58,(anonymous_4)
FN:63,(anonymous_5)
FN:77,(anonymous_6)
FN:86,(anonymous_7)
FN:106,(anonymous_8)
FN:119,(anonymous_9)
FN:128,(anonymous_10)
FN:130,(anonymous_11)
FN:138,(anonymous_12)
FN:153,(anonymous_13)
FN:156,(anonymous_14)
FN:161,(anonymous_15)
FN:171,(anonymous_16)
FN:174,(anonymous_17)
FN:176,(anonymous_18)
FN:190,(anonymous_19)
FN:193,(anonymous_20)
FN:196,(anonymous_21)
FN:210,(anonymous_22)
FN:213,(anonymous_23)
FN:215,(anonymous_24)
FN:227,(anonymous_25)
FN:230,(anonymous_26)
FN:232,(anonymous_27)
FN:243,(anonymous_28)
FN:245,(anonymous_29)
FN:247,(anonymous_30)
FN:258,(anonymous_31)
FN:260,(anonymous_32)
FN:262,(anonymous_33)
FN:274,(anonymous_34)
FN:275,(anonymous_35)
FNF:36
FNH:31
FNDA:1,(anonymous_0)
FNDA:1,(anonymous_1)
FNDA:0,cleanup
FNDA:0,(anonymous_3)
FNDA:2,(anonymous_4)
FNDA:2,(anonymous_5)
FNDA:0,(anonymous_6)
FNDA:0,(anonymous_7)
FNDA:0,(anonymous_8)
FNDA:2,(anonymous_9)
FNDA:2,(anonymous_10)
FNDA:1,(anonymous_11)
FNDA:1,(anonymous_12)
FNDA:1,(anonymous_13)
FNDA:1,(anonymous_14)
FNDA:1,(anonymous_15)
FNDA:2,(anonymous_16)
FNDA:2,(anonymous_17)
FNDA:1,(anonymous_18)
FNDA:2,(anonymous_19)
FNDA:2,(anonymous_20)
FNDA:1,(anonymous_21)
FNDA:2,(anonymous_22)
FNDA:2,(anonymous_23)
FNDA:1,(anonymous_24)
FNDA:2,(anonymous_25)
FNDA:2,(anonymous_26)
FNDA:1,(anonymous_27)
FNDA:2,(anonymous_28)
FNDA:2,(anonymous_29)
FNDA:1,(anonymous_30)
FNDA:2,(anonymous_31)
FNDA:2,(anonymous_32)
FNDA:1,(anonymous_33)
FNDA:1,(anonymous_34)
FNDA:1,(anonymous_35)
DA:2,1
DA:3,1
DA:4,1
DA:5,1
DA:6,1
DA:7,1
DA:8,1
DA:9,1
DA:12,1
DA:13,1
DA:15,1
DA:22,1
DA:24,1
DA:25,1
DA:26,1
DA:27,1
DA:30,1
DA:32,1
DA:33,1
DA:34,1
DA:40,1
DA:42,1
DA:43,1
DA:47,0
DA:49,0
DA:54,1
DA:55,1
DA:58,1
DA:61,2
DA:63,2
DA:64,2
DA:66,0
DA:70,2
DA:77,1
DA:79,0
DA:81,0
DA:82,0
DA:83,0
DA:84,0
DA:86,0
DA:88,0
DA:90,0
DA:106,0
DA:107,0
DA:108,0
DA:109,0
DA:113,0
DA:119,1
DA:122,2
DA:126,2
DA:127,2
DA:128,2
DA:129,2
DA:130,1
DA:131,1
DA:133,1
DA:138,1
DA:139,1
DA:146,1
DA:153,1
DA:154,1
DA:156,1
DA:158,1
DA:160,1
DA:161,1
DA:162,1
DA:165,0
DA:171,1
DA:172,2
DA:174,2
DA:175,2
DA:176,1
DA:177,1
DA:178,1
DA:180,0
DA:183,1
DA:190,1
DA:191,2
DA:193,2
DA:194,2
DA:196,1
DA:197,1
DA:198,0
DA:199,1
DA:200,1
DA:203,1
DA:210,1
DA:211,2
DA:213,2
DA:214,2
DA:215,1
DA:216,1
DA:219,1
DA:227,1
DA:228,2
DA:230,2
DA:231,2
DA:232,1
DA:233,1
DA:236,1
DA:243,1
DA:244,2
DA:245,2
DA:246,2
DA:247,1
DA:248,1
DA:251,1
DA:258,1
DA:259,2
DA:260,2
DA:261,2
DA:262,1
DA:263,1
DA:264,1
DA:266,0
DA:269,1
DA:274,1
DA:275,1
DA:276,1
DA:277,1
DA:278,1
DA:280,0
DA:287,1
LF:123
LH:102
BRDA:33,0,0,0
BRDA:33,0,1,1
BRDA:64,1,0,0
BRDA:64,1,1,2
BRDA:88,2,0,0
BRDA:88,2,1,0
BRDA:107,3,0,0
BRDA:107,3,1,0
BRDA:129,4,0,1
BRDA:129,4,1,1
BRDA:131,5,0,1
BRDA:131,5,1,0
BRDA:158,6,0,1
BRDA:158,6,1,0
BRDA:175,7,0,1
BRDA:175,7,1,1
BRDA:177,8,0,1
BRDA:177,8,1,0
BRDA:194,9,0,1
BRDA:194,9,1,1
BRDA:197,10,0,0
BRDA:197,10,1,1
BRDA:199,11,0,1
BRDA:199,11,1,0
BRDA:214,12,0,1
BRDA:214,12,1,1
BRDA:231,13,0,1
BRDA:231,13,1,1
BRDA:246,14,0,1
BRDA:246,14,1,1
BRDA:261,15,0,1
BRDA:261,15,1,1
BRDA:263,16,0,1
BRDA:263,16,1,0
BRDA:276,17,0,0
BRDA:276,17,1,1
BRDA:277,18,0,1
BRDA:277,18,1,0
BRF:38
BRH:24
end_of_record
